{
    "/Users/shion.terunaga/Desktop/project/create-react-template/main-template/next/app/next.config.ts": {
        "path": "/Users/shion.terunaga/Desktop/project/create-react-template/main-template/next/app/next.config.ts",
        "all": true,
        "statementMap": {
            "1": {
                "start": { "line": 2, "column": 0 },
                "end": { "line": 2, "column": 74 }
            },
            "3": {
                "start": { "line": 4, "column": 0 },
                "end": { "line": 4, "column": 56 }
            },
            "5": {
                "start": { "line": 6, "column": 0 },
                "end": { "line": 6, "column": 32 }
            },
            "6": {
                "start": { "line": 7, "column": 0 },
                "end": { "line": 7, "column": 13 }
            },
            "7": {
                "start": { "line": 8, "column": 0 },
                "end": { "line": 8, "column": 25 }
            },
            "8": {
                "start": { "line": 9, "column": 0 },
                "end": { "line": 9, "column": 49 }
            },
            "9": {
                "start": { "line": 10, "column": 0 },
                "end": { "line": 10, "column": 48 }
            },
            "10": {
                "start": { "line": 11, "column": 0 },
                "end": { "line": 11, "column": 9 }
            },
            "11": {
                "start": { "line": 12, "column": 0 },
                "end": { "line": 12, "column": 5 }
            },
            "12": {
                "start": { "line": 13, "column": 0 },
                "end": { "line": 13, "column": 2 }
            },
            "14": {
                "start": { "line": 15, "column": 0 },
                "end": { "line": 15, "column": 46 }
            }
        },
        "s": {
            "1": 0,
            "3": 0,
            "5": 0,
            "6": 0,
            "7": 0,
            "8": 0,
            "9": 0,
            "10": 0,
            "11": 0,
            "12": 0,
            "14": 0
        },
        "branchMap": {
            "0": {
                "type": "branch",
                "line": 1,
                "loc": {
                    "start": { "line": 1, "column": 412 },
                    "end": { "line": 15, "column": 46 }
                },
                "locations": [
                    {
                        "start": { "line": 1, "column": 412 },
                        "end": { "line": 15, "column": 46 }
                    }
                ]
            }
        },
        "b": { "0": [1] },
        "fnMap": {
            "0": {
                "name": "(empty-report)",
                "decl": {
                    "start": { "line": 1, "column": 412 },
                    "end": { "line": 15, "column": 46 }
                },
                "loc": {
                    "start": { "line": 1, "column": 412 },
                    "end": { "line": 15, "column": 46 }
                },
                "line": 1
            }
        },
        "f": { "0": 1 }
    },
    "/Users/shion.terunaga/Desktop/project/create-react-template/main-template/next/app/src/__test__/setting/setup.ts": {
        "path": "/Users/shion.terunaga/Desktop/project/create-react-template/main-template/next/app/src/__test__/setting/setup.ts",
        "all": true,
        "statementMap": {},
        "s": {},
        "branchMap": {
            "0": {
                "type": "branch",
                "line": 1,
                "loc": {
                    "start": { "line": 1, "column": 0 },
                    "end": { "line": 1, "column": 0 }
                },
                "locations": [
                    {
                        "start": { "line": 1, "column": 0 },
                        "end": { "line": 1, "column": 0 }
                    }
                ]
            }
        },
        "b": { "0": [1] },
        "fnMap": {
            "0": {
                "name": "(empty-report)",
                "decl": {
                    "start": { "line": 1, "column": 0 },
                    "end": { "line": 1, "column": 0 }
                },
                "loc": {
                    "start": { "line": 1, "column": 0 },
                    "end": { "line": 1, "column": 0 }
                },
                "line": 1
            }
        },
        "f": { "0": 1 }
    },
    "/Users/shion.terunaga/Desktop/project/create-react-template/main-template/next/app/src/app/layout.tsx": {
        "path": "/Users/shion.terunaga/Desktop/project/create-react-template/main-template/next/app/src/app/layout.tsx",
        "all": true,
        "statementMap": {
            "1": {
                "start": { "line": 2, "column": 0 },
                "end": { "line": 2, "column": 53 }
            },
            "2": {
                "start": { "line": 3, "column": 0 },
                "end": { "line": 3, "column": 23 }
            },
            "4": {
                "start": { "line": 5, "column": 0 },
                "end": { "line": 5, "column": 25 }
            },
            "5": {
                "start": { "line": 6, "column": 0 },
                "end": { "line": 6, "column": 34 }
            },
            "6": {
                "start": { "line": 7, "column": 0 },
                "end": { "line": 7, "column": 22 }
            },
            "7": {
                "start": { "line": 8, "column": 0 },
                "end": { "line": 8, "column": 3 }
            },
            "9": {
                "start": { "line": 10, "column": 0 },
                "end": { "line": 10, "column": 30 }
            },
            "10": {
                "start": { "line": 11, "column": 0 },
                "end": { "line": 11, "column": 34 }
            },
            "11": {
                "start": { "line": 12, "column": 0 },
                "end": { "line": 12, "column": 22 }
            },
            "12": {
                "start": { "line": 13, "column": 0 },
                "end": { "line": 13, "column": 3 }
            },
            "14": {
                "start": { "line": 15, "column": 0 },
                "end": { "line": 15, "column": 35 }
            },
            "15": {
                "start": { "line": 16, "column": 0 },
                "end": { "line": 16, "column": 29 }
            },
            "16": {
                "start": { "line": 17, "column": 0 },
                "end": { "line": 17, "column": 47 }
            },
            "17": {
                "start": { "line": 18, "column": 0 },
                "end": { "line": 18, "column": 2 }
            },
            "19": {
                "start": { "line": 20, "column": 0 },
                "end": { "line": 20, "column": 36 }
            },
            "20": {
                "start": { "line": 21, "column": 0 },
                "end": { "line": 21, "column": 12 }
            },
            "21": {
                "start": { "line": 22, "column": 0 },
                "end": { "line": 22, "column": 13 }
            },
            "23": {
                "start": { "line": 24, "column": 0 },
                "end": { "line": 24, "column": 5 }
            },
            "24": {
                "start": { "line": 25, "column": 0 },
                "end": { "line": 25, "column": 12 }
            },
            "25": {
                "start": { "line": 26, "column": 0 },
                "end": { "line": 26, "column": 24 }
            },
            "26": {
                "start": { "line": 27, "column": 0 },
                "end": { "line": 27, "column": 76 }
            },
            "27": {
                "start": { "line": 28, "column": 0 },
                "end": { "line": 28, "column": 26 }
            },
            "28": {
                "start": { "line": 29, "column": 0 },
                "end": { "line": 29, "column": 19 }
            },
            "29": {
                "start": { "line": 30, "column": 0 },
                "end": { "line": 30, "column": 15 }
            },
            "31": {
                "start": { "line": 32, "column": 0 },
                "end": { "line": 32, "column": 1 }
            }
        },
        "s": {
            "1": 0,
            "2": 0,
            "4": 0,
            "5": 0,
            "6": 0,
            "7": 0,
            "9": 0,
            "10": 0,
            "11": 0,
            "12": 0,
            "14": 0,
            "15": 0,
            "16": 0,
            "17": 0,
            "19": 0,
            "20": 0,
            "21": 0,
            "23": 0,
            "24": 0,
            "25": 0,
            "26": 0,
            "27": 0,
            "28": 0,
            "29": 0,
            "31": 0
        },
        "branchMap": {
            "0": {
                "type": "branch",
                "line": 1,
                "loc": {
                    "start": { "line": 1, "column": 705 },
                    "end": { "line": 32, "column": 1 }
                },
                "locations": [
                    {
                        "start": { "line": 1, "column": 705 },
                        "end": { "line": 32, "column": 1 }
                    }
                ]
            }
        },
        "b": { "0": [1] },
        "fnMap": {
            "0": {
                "name": "(empty-report)",
                "decl": {
                    "start": { "line": 1, "column": 705 },
                    "end": { "line": 32, "column": 1 }
                },
                "loc": {
                    "start": { "line": 1, "column": 705 },
                    "end": { "line": 32, "column": 1 }
                },
                "line": 1
            }
        },
        "f": { "0": 1 }
    },
    "/Users/shion.terunaga/Desktop/project/create-react-template/main-template/next/app/src/app/(home)/page.tsx": {
        "path": "/Users/shion.terunaga/Desktop/project/create-react-template/main-template/next/app/src/app/(home)/page.tsx",
        "all": true,
        "statementMap": {
            "0": {
                "start": { "line": 1, "column": 0 },
                "end": { "line": 1, "column": 47 }
            },
            "1": {
                "start": { "line": 2, "column": 0 },
                "end": { "line": 2, "column": 38 }
            },
            "2": {
                "start": { "line": 3, "column": 0 },
                "end": { "line": 3, "column": 29 }
            },
            "4": {
                "start": { "line": 5, "column": 0 },
                "end": { "line": 5, "column": 32 }
            },
            "5": {
                "start": { "line": 6, "column": 0 },
                "end": { "line": 6, "column": 12 }
            },
            "6": {
                "start": { "line": 7, "column": 0 },
                "end": { "line": 7, "column": 23 }
            },
            "7": {
                "start": { "line": 8, "column": 0 },
                "end": { "line": 8, "column": 50 }
            },
            "9": {
                "start": { "line": 10, "column": 0 },
                "end": { "line": 10, "column": 17 }
            },
            "10": {
                "start": { "line": 11, "column": 0 },
                "end": { "line": 11, "column": 49 }
            },
            "11": {
                "start": { "line": 12, "column": 0 },
                "end": { "line": 12, "column": 52 }
            },
            "12": {
                "start": { "line": 13, "column": 0 },
                "end": { "line": 13, "column": 23 }
            },
            "13": {
                "start": { "line": 14, "column": 0 },
                "end": { "line": 14, "column": 22 }
            },
            "14": {
                "start": { "line": 15, "column": 0 },
                "end": { "line": 15, "column": 46 }
            },
            "15": {
                "start": { "line": 16, "column": 0 },
                "end": { "line": 16, "column": 49 }
            },
            "16": {
                "start": { "line": 17, "column": 0 },
                "end": { "line": 17, "column": 23 }
            },
            "17": {
                "start": { "line": 18, "column": 0 },
                "end": { "line": 18, "column": 22 }
            },
            "18": {
                "start": { "line": 19, "column": 0 },
                "end": { "line": 19, "column": 51 }
            },
            "19": {
                "start": { "line": 20, "column": 0 },
                "end": { "line": 20, "column": 54 }
            },
            "20": {
                "start": { "line": 21, "column": 0 },
                "end": { "line": 21, "column": 23 }
            },
            "21": {
                "start": { "line": 22, "column": 0 },
                "end": { "line": 22, "column": 18 }
            },
            "22": {
                "start": { "line": 23, "column": 0 },
                "end": { "line": 23, "column": 14 }
            },
            "24": {
                "start": { "line": 25, "column": 0 },
                "end": { "line": 25, "column": 1 }
            }
        },
        "s": {
            "0": 0,
            "1": 0,
            "2": 0,
            "4": 0,
            "5": 0,
            "6": 0,
            "7": 0,
            "9": 0,
            "10": 0,
            "11": 0,
            "12": 0,
            "13": 0,
            "14": 0,
            "15": 0,
            "16": 0,
            "17": 0,
            "18": 0,
            "19": 0,
            "20": 0,
            "21": 0,
            "22": 0,
            "24": 0
        },
        "branchMap": {
            "0": {
                "type": "branch",
                "line": 1,
                "loc": {
                    "start": { "line": 1, "column": 725 },
                    "end": { "line": 25, "column": 1 }
                },
                "locations": [
                    {
                        "start": { "line": 1, "column": 725 },
                        "end": { "line": 25, "column": 1 }
                    }
                ]
            }
        },
        "b": { "0": [0] },
        "fnMap": {
            "0": {
                "name": "(empty-report)",
                "decl": {
                    "start": { "line": 1, "column": 725 },
                    "end": { "line": 25, "column": 1 }
                },
                "loc": {
                    "start": { "line": 1, "column": 725 },
                    "end": { "line": 25, "column": 1 }
                },
                "line": 1
            }
        },
        "f": { "0": 0 }
    },
    "/Users/shion.terunaga/Desktop/project/create-react-template/main-template/next/app/src/app/force-cache-potter/page.tsx": {
        "path": "/Users/shion.terunaga/Desktop/project/create-react-template/main-template/next/app/src/app/force-cache-potter/page.tsx",
        "all": true,
        "statementMap": {
            "0": {
                "start": { "line": 1, "column": 0 },
                "end": { "line": 1, "column": 38 }
            },
            "1": {
                "start": { "line": 2, "column": 0 },
                "end": { "line": 2, "column": 49 }
            },
            "2": {
                "start": { "line": 3, "column": 0 },
                "end": { "line": 3, "column": 55 }
            },
            "3": {
                "start": { "line": 4, "column": 0 },
                "end": { "line": 4, "column": 38 }
            },
            "4": {
                "start": { "line": 5, "column": 0 },
                "end": { "line": 5, "column": 47 }
            },
            "5": {
                "start": { "line": 6, "column": 0 },
                "end": { "line": 6, "column": 47 }
            },
            "7": {
                "start": { "line": 8, "column": 0 },
                "end": { "line": 8, "column": 35 }
            },
            "8": {
                "start": { "line": 9, "column": 0 },
                "end": { "line": 9, "column": 35 }
            },
            "9": {
                "start": { "line": 10, "column": 0 },
                "end": { "line": 10, "column": 37 }
            },
            "11": {
                "start": { "line": 12, "column": 0 },
                "end": { "line": 12, "column": 54 }
            },
            "13": {
                "start": { "line": 14, "column": 0 },
                "end": { "line": 14, "column": 24 }
            },
            "14": {
                "start": { "line": 15, "column": 0 },
                "end": { "line": 15, "column": 32 }
            },
            "15": {
                "start": { "line": 16, "column": 0 },
                "end": { "line": 16, "column": 5 }
            },
            "17": {
                "start": { "line": 18, "column": 0 },
                "end": { "line": 18, "column": 32 }
            },
            "18": {
                "start": { "line": 19, "column": 0 },
                "end": { "line": 19, "column": 34 }
            },
            "19": {
                "start": { "line": 20, "column": 0 },
                "end": { "line": 20, "column": 5 }
            },
            "21": {
                "start": { "line": 22, "column": 0 },
                "end": { "line": 22, "column": 12 }
            },
            "22": {
                "start": { "line": 23, "column": 0 },
                "end": { "line": 23, "column": 21 }
            },
            "23": {
                "start": { "line": 24, "column": 0 },
                "end": { "line": 24, "column": 41 }
            },
            "24": {
                "start": { "line": 25, "column": 0 },
                "end": { "line": 25, "column": 49 }
            },
            "25": {
                "start": { "line": 26, "column": 0 },
                "end": { "line": 26, "column": 10 }
            },
            "27": {
                "start": { "line": 28, "column": 0 },
                "end": { "line": 28, "column": 1 }
            },
            "29": {
                "start": { "line": 30, "column": 0 },
                "end": { "line": 30, "column": 32 }
            }
        },
        "s": {
            "0": 0,
            "1": 0,
            "2": 0,
            "3": 0,
            "4": 0,
            "5": 0,
            "7": 0,
            "8": 0,
            "9": 0,
            "11": 0,
            "13": 0,
            "14": 0,
            "15": 0,
            "17": 0,
            "18": 0,
            "19": 0,
            "21": 0,
            "22": 0,
            "23": 0,
            "24": 0,
            "25": 0,
            "27": 0,
            "29": 0
        },
        "branchMap": {
            "0": {
                "type": "branch",
                "line": 1,
                "loc": {
                    "start": { "line": 1, "column": 768 },
                    "end": { "line": 30, "column": 32 }
                },
                "locations": [
                    {
                        "start": { "line": 1, "column": 768 },
                        "end": { "line": 30, "column": 32 }
                    }
                ]
            }
        },
        "b": { "0": [0] },
        "fnMap": {
            "0": {
                "name": "(empty-report)",
                "decl": {
                    "start": { "line": 1, "column": 768 },
                    "end": { "line": 30, "column": 32 }
                },
                "loc": {
                    "start": { "line": 1, "column": 768 },
                    "end": { "line": 30, "column": 32 }
                },
                "line": 1
            }
        },
        "f": { "0": 0 }
    },
    "/Users/shion.terunaga/Desktop/project/create-react-template/main-template/next/app/src/app/no-store-potter/page.tsx": {
        "path": "/Users/shion.terunaga/Desktop/project/create-react-template/main-template/next/app/src/app/no-store-potter/page.tsx",
        "all": true,
        "statementMap": {
            "0": {
                "start": { "line": 1, "column": 0 },
                "end": { "line": 1, "column": 38 }
            },
            "1": {
                "start": { "line": 2, "column": 0 },
                "end": { "line": 2, "column": 49 }
            },
            "2": {
                "start": { "line": 3, "column": 0 },
                "end": { "line": 3, "column": 55 }
            },
            "3": {
                "start": { "line": 4, "column": 0 },
                "end": { "line": 4, "column": 38 }
            },
            "4": {
                "start": { "line": 5, "column": 0 },
                "end": { "line": 5, "column": 47 }
            },
            "5": {
                "start": { "line": 6, "column": 0 },
                "end": { "line": 6, "column": 47 }
            },
            "6": {
                "start": { "line": 7, "column": 0 },
                "end": { "line": 7, "column": 33 }
            },
            "8": {
                "start": { "line": 9, "column": 0 },
                "end": { "line": 9, "column": 32 }
            },
            "9": {
                "start": { "line": 10, "column": 0 },
                "end": { "line": 10, "column": 35 }
            },
            "10": {
                "start": { "line": 11, "column": 0 },
                "end": { "line": 11, "column": 37 }
            },
            "12": {
                "start": { "line": 13, "column": 0 },
                "end": { "line": 13, "column": 51 }
            },
            "14": {
                "start": { "line": 15, "column": 0 },
                "end": { "line": 15, "column": 24 }
            },
            "15": {
                "start": { "line": 16, "column": 0 },
                "end": { "line": 16, "column": 32 }
            },
            "16": {
                "start": { "line": 17, "column": 0 },
                "end": { "line": 17, "column": 5 }
            },
            "18": {
                "start": { "line": 19, "column": 0 },
                "end": { "line": 19, "column": 32 }
            },
            "19": {
                "start": { "line": 20, "column": 0 },
                "end": { "line": 20, "column": 34 }
            },
            "20": {
                "start": { "line": 21, "column": 0 },
                "end": { "line": 21, "column": 5 }
            },
            "22": {
                "start": { "line": 23, "column": 0 },
                "end": { "line": 23, "column": 12 }
            },
            "23": {
                "start": { "line": 24, "column": 0 },
                "end": { "line": 24, "column": 51 }
            },
            "24": {
                "start": { "line": 25, "column": 0 },
                "end": { "line": 25, "column": 25 }
            },
            "25": {
                "start": { "line": 26, "column": 0 },
                "end": { "line": 26, "column": 45 }
            },
            "26": {
                "start": { "line": 27, "column": 0 },
                "end": { "line": 27, "column": 50 }
            },
            "27": {
                "start": { "line": 28, "column": 0 },
                "end": { "line": 28, "column": 14 }
            },
            "28": {
                "start": { "line": 29, "column": 0 },
                "end": { "line": 29, "column": 19 }
            },
            "30": {
                "start": { "line": 31, "column": 0 },
                "end": { "line": 31, "column": 1 }
            },
            "32": {
                "start": { "line": 33, "column": 0 },
                "end": { "line": 33, "column": 29 }
            }
        },
        "s": {
            "0": 0,
            "1": 0,
            "2": 0,
            "3": 0,
            "4": 0,
            "5": 0,
            "6": 0,
            "8": 0,
            "9": 0,
            "10": 0,
            "12": 0,
            "14": 0,
            "15": 0,
            "16": 0,
            "18": 0,
            "19": 0,
            "20": 0,
            "22": 0,
            "23": 0,
            "24": 0,
            "25": 0,
            "26": 0,
            "27": 0,
            "28": 0,
            "30": 0,
            "32": 0
        },
        "branchMap": {
            "0": {
                "type": "branch",
                "line": 1,
                "loc": {
                    "start": { "line": 1, "column": 878 },
                    "end": { "line": 33, "column": 29 }
                },
                "locations": [
                    {
                        "start": { "line": 1, "column": 878 },
                        "end": { "line": 33, "column": 29 }
                    }
                ]
            }
        },
        "b": { "0": [0] },
        "fnMap": {
            "0": {
                "name": "(empty-report)",
                "decl": {
                    "start": { "line": 1, "column": 878 },
                    "end": { "line": 33, "column": 29 }
                },
                "loc": {
                    "start": { "line": 1, "column": 878 },
                    "end": { "line": 33, "column": 29 }
                },
                "line": 1
            }
        },
        "f": { "0": 0 }
    },
    "/Users/shion.terunaga/Desktop/project/create-react-template/main-template/next/app/src/app/server-action-sample/page.tsx": {
        "path": "/Users/shion.terunaga/Desktop/project/create-react-template/main-template/next/app/src/app/server-action-sample/page.tsx",
        "all": true,
        "statementMap": {
            "0": {
                "start": { "line": 1, "column": 0 },
                "end": { "line": 1, "column": 38 }
            },
            "1": {
                "start": { "line": 2, "column": 0 },
                "end": { "line": 2, "column": 66 }
            },
            "2": {
                "start": { "line": 3, "column": 0 },
                "end": { "line": 3, "column": 47 }
            },
            "4": {
                "start": { "line": 5, "column": 0 },
                "end": { "line": 5, "column": 31 }
            },
            "5": {
                "start": { "line": 6, "column": 0 },
                "end": { "line": 6, "column": 12 }
            },
            "6": {
                "start": { "line": 7, "column": 0 },
                "end": { "line": 7, "column": 23 }
            },
            "7": {
                "start": { "line": 8, "column": 0 },
                "end": { "line": 8, "column": 72 }
            },
            "9": {
                "start": { "line": 10, "column": 0 },
                "end": { "line": 10, "column": 27 }
            },
            "10": {
                "start": { "line": 11, "column": 0 },
                "end": { "line": 11, "column": 14 }
            },
            "12": {
                "start": { "line": 13, "column": 0 },
                "end": { "line": 13, "column": 1 }
            },
            "14": {
                "start": { "line": 15, "column": 0 },
                "end": { "line": 15, "column": 34 }
            }
        },
        "s": {
            "0": 0,
            "1": 0,
            "2": 0,
            "4": 0,
            "5": 0,
            "6": 0,
            "7": 0,
            "9": 0,
            "10": 0,
            "12": 0,
            "14": 0
        },
        "branchMap": {
            "0": {
                "type": "branch",
                "line": 1,
                "loc": {
                    "start": { "line": 1, "column": 385 },
                    "end": { "line": 15, "column": 34 }
                },
                "locations": [
                    {
                        "start": { "line": 1, "column": 385 },
                        "end": { "line": 15, "column": 34 }
                    }
                ]
            }
        },
        "b": { "0": [0] },
        "fnMap": {
            "0": {
                "name": "(empty-report)",
                "decl": {
                    "start": { "line": 1, "column": 385 },
                    "end": { "line": 15, "column": 34 }
                },
                "loc": {
                    "start": { "line": 1, "column": 385 },
                    "end": { "line": 15, "column": 34 }
                },
                "line": 1
            }
        },
        "f": { "0": 0 }
    },
    "/Users/shion.terunaga/Desktop/project/create-react-template/main-template/next/app/src/app/server-action-sample/_components/random-start/random-start.tsx": {
        "path": "/Users/shion.terunaga/Desktop/project/create-react-template/main-template/next/app/src/app/server-action-sample/_components/random-start/random-start.tsx",
        "all": true,
        "statementMap": {
            "2": {
                "start": { "line": 3, "column": 0 },
                "end": { "line": 3, "column": 38 }
            },
            "3": {
                "start": { "line": 4, "column": 0 },
                "end": { "line": 4, "column": 53 }
            },
            "5": {
                "start": { "line": 6, "column": 0 },
                "end": { "line": 6, "column": 38 }
            },
            "6": {
                "start": { "line": 7, "column": 0 },
                "end": { "line": 7, "column": 55 }
            },
            "7": {
                "start": { "line": 8, "column": 0 },
                "end": { "line": 8, "column": 47 }
            },
            "8": {
                "start": { "line": 9, "column": 0 },
                "end": { "line": 9, "column": 31 }
            },
            "9": {
                "start": { "line": 10, "column": 0 },
                "end": { "line": 10, "column": 33 }
            },
            "11": {
                "start": { "line": 12, "column": 0 },
                "end": { "line": 12, "column": 24 }
            },
            "12": {
                "start": { "line": 13, "column": 0 },
                "end": { "line": 13, "column": 57 }
            },
            "13": {
                "start": { "line": 14, "column": 0 },
                "end": { "line": 14, "column": 35 }
            },
            "15": {
                "start": { "line": 16, "column": 0 },
                "end": { "line": 16, "column": 71 }
            },
            "16": {
                "start": { "line": 17, "column": 0 },
                "end": { "line": 17, "column": 55 }
            },
            "18": {
                "start": { "line": 19, "column": 0 },
                "end": { "line": 19, "column": 37 }
            },
            "19": {
                "start": { "line": 20, "column": 0 },
                "end": { "line": 20, "column": 20 }
            },
            "20": {
                "start": { "line": 21, "column": 0 },
                "end": { "line": 21, "column": 28 }
            },
            "21": {
                "start": { "line": 22, "column": 0 },
                "end": { "line": 22, "column": 9 }
            },
            "23": {
                "start": { "line": 24, "column": 0 },
                "end": { "line": 24, "column": 26 }
            },
            "24": {
                "start": { "line": 25, "column": 0 },
                "end": { "line": 25, "column": 33 }
            },
            "25": {
                "start": { "line": 26, "column": 0 },
                "end": { "line": 26, "column": 9 }
            },
            "27": {
                "start": { "line": 28, "column": 0 },
                "end": { "line": 28, "column": 41 }
            },
            "29": {
                "start": { "line": 30, "column": 0 },
                "end": { "line": 30, "column": 45 }
            },
            "30": {
                "start": { "line": 31, "column": 0 },
                "end": { "line": 31, "column": 30 }
            },
            "31": {
                "start": { "line": 32, "column": 0 },
                "end": { "line": 32, "column": 52 }
            },
            "32": {
                "start": { "line": 33, "column": 0 },
                "end": { "line": 33, "column": 33 }
            },
            "33": {
                "start": { "line": 34, "column": 0 },
                "end": { "line": 34, "column": 16 }
            },
            "34": {
                "start": { "line": 35, "column": 0 },
                "end": { "line": 35, "column": 27 }
            },
            "35": {
                "start": { "line": 36, "column": 0 },
                "end": { "line": 36, "column": 9 }
            },
            "36": {
                "start": { "line": 37, "column": 0 },
                "end": { "line": 37, "column": 6 }
            },
            "38": {
                "start": { "line": 39, "column": 0 },
                "end": { "line": 39, "column": 12 }
            },
            "39": {
                "start": { "line": 40, "column": 0 },
                "end": { "line": 40, "column": 26 }
            },
            "40": {
                "start": { "line": 41, "column": 0 },
                "end": { "line": 41, "column": 17 }
            },
            "41": {
                "start": { "line": 42, "column": 0 },
                "end": { "line": 42, "column": 26 }
            },
            "42": {
                "start": { "line": 43, "column": 0 },
                "end": { "line": 43, "column": 60 }
            },
            "43": {
                "start": { "line": 44, "column": 0 },
                "end": { "line": 44, "column": 35 }
            },
            "44": {
                "start": { "line": 45, "column": 0 },
                "end": { "line": 45, "column": 26 }
            },
            "45": {
                "start": { "line": 46, "column": 0 },
                "end": { "line": 46, "column": 47 }
            },
            "46": {
                "start": { "line": 47, "column": 0 },
                "end": { "line": 47, "column": 35 }
            },
            "47": {
                "start": { "line": 48, "column": 0 },
                "end": { "line": 48, "column": 36 }
            },
            "48": {
                "start": { "line": 49, "column": 0 },
                "end": { "line": 49, "column": 30 }
            },
            "49": {
                "start": { "line": 50, "column": 0 },
                "end": { "line": 50, "column": 22 }
            },
            "50": {
                "start": { "line": 51, "column": 0 },
                "end": { "line": 51, "column": 25 }
            },
            "51": {
                "start": { "line": 52, "column": 0 },
                "end": { "line": 52, "column": 18 }
            },
            "52": {
                "start": { "line": 53, "column": 0 },
                "end": { "line": 53, "column": 42 }
            },
            "53": {
                "start": { "line": 54, "column": 0 },
                "end": { "line": 54, "column": 50 }
            },
            "54": {
                "start": { "line": 55, "column": 0 },
                "end": { "line": 55, "column": 21 }
            },
            "55": {
                "start": { "line": 56, "column": 0 },
                "end": { "line": 56, "column": 14 }
            },
            "57": {
                "start": { "line": 58, "column": 0 },
                "end": { "line": 58, "column": 1 }
            },
            "59": {
                "start": { "line": 60, "column": 0 },
                "end": { "line": 60, "column": 27 }
            }
        },
        "s": {
            "2": 0,
            "3": 0,
            "5": 0,
            "6": 0,
            "7": 0,
            "8": 0,
            "9": 0,
            "11": 0,
            "12": 0,
            "13": 0,
            "15": 0,
            "16": 0,
            "18": 0,
            "19": 0,
            "20": 0,
            "21": 0,
            "23": 0,
            "24": 0,
            "25": 0,
            "27": 0,
            "29": 0,
            "30": 0,
            "31": 0,
            "32": 0,
            "33": 0,
            "34": 0,
            "35": 0,
            "36": 0,
            "38": 0,
            "39": 0,
            "40": 0,
            "41": 0,
            "42": 0,
            "43": 0,
            "44": 0,
            "45": 0,
            "46": 0,
            "47": 0,
            "48": 0,
            "49": 0,
            "50": 0,
            "51": 0,
            "52": 0,
            "53": 0,
            "54": 0,
            "55": 0,
            "57": 0,
            "59": 0
        },
        "branchMap": {
            "0": {
                "type": "branch",
                "line": 1,
                "loc": {
                    "start": { "line": 1, "column": 1676 },
                    "end": { "line": 60, "column": 27 }
                },
                "locations": [
                    {
                        "start": { "line": 1, "column": 1676 },
                        "end": { "line": 60, "column": 27 }
                    }
                ]
            }
        },
        "b": { "0": [1] },
        "fnMap": {
            "0": {
                "name": "(empty-report)",
                "decl": {
                    "start": { "line": 1, "column": 1676 },
                    "end": { "line": 60, "column": 27 }
                },
                "loc": {
                    "start": { "line": 1, "column": 1676 },
                    "end": { "line": 60, "column": 27 }
                },
                "line": 1
            }
        },
        "f": { "0": 1 }
    },
    "/Users/shion.terunaga/Desktop/project/create-react-template/main-template/next/app/src/components/layout/index.ts": {
        "path": "/Users/shion.terunaga/Desktop/project/create-react-template/main-template/next/app/src/components/layout/index.ts",
        "all": true,
        "statementMap": {
            "0": {
                "start": { "line": 1, "column": 0 },
                "end": { "line": 1, "column": 28 }
            }
        },
        "s": { "0": 0 },
        "branchMap": {
            "0": {
                "type": "branch",
                "line": 1,
                "loc": {
                    "start": { "line": 1, "column": 0 },
                    "end": { "line": 1, "column": 28 }
                },
                "locations": [
                    {
                        "start": { "line": 1, "column": 0 },
                        "end": { "line": 1, "column": 28 }
                    }
                ]
            }
        },
        "b": { "0": [0] },
        "fnMap": {
            "0": {
                "name": "(empty-report)",
                "decl": {
                    "start": { "line": 1, "column": 0 },
                    "end": { "line": 1, "column": 28 }
                },
                "loc": {
                    "start": { "line": 1, "column": 0 },
                    "end": { "line": 1, "column": 28 }
                },
                "line": 1
            }
        },
        "f": { "0": 0 }
    },
    "/Users/shion.terunaga/Desktop/project/create-react-template/main-template/next/app/src/components/layout/card/card.css.ts": {
        "path": "/Users/shion.terunaga/Desktop/project/create-react-template/main-template/next/app/src/components/layout/card/card.css.ts",
        "all": true,
        "statementMap": {
            "0": {
                "start": { "line": 1, "column": 0 },
                "end": { "line": 1, "column": 45 }
            },
            "2": {
                "start": { "line": 3, "column": 0 },
                "end": { "line": 3, "column": 20 }
            },
            "3": {
                "start": { "line": 4, "column": 0 },
                "end": { "line": 4, "column": 26 }
            },
            "4": {
                "start": { "line": 5, "column": 0 },
                "end": { "line": 5, "column": 33 }
            },
            "5": {
                "start": { "line": 6, "column": 0 },
                "end": { "line": 6, "column": 29 }
            },
            "6": {
                "start": { "line": 7, "column": 0 },
                "end": { "line": 7, "column": 27 }
            },
            "7": {
                "start": { "line": 8, "column": 0 },
                "end": { "line": 8, "column": 50 }
            },
            "8": {
                "start": { "line": 9, "column": 0 },
                "end": { "line": 9, "column": 28 }
            },
            "9": {
                "start": { "line": 10, "column": 0 },
                "end": { "line": 10, "column": 22 }
            },
            "10": {
                "start": { "line": 11, "column": 0 },
                "end": { "line": 11, "column": 7 }
            },
            "11": {
                "start": { "line": 12, "column": 0 },
                "end": { "line": 12, "column": 18 }
            },
            "12": {
                "start": { "line": 13, "column": 0 },
                "end": { "line": 13, "column": 26 }
            },
            "13": {
                "start": { "line": 14, "column": 0 },
                "end": { "line": 14, "column": 7 }
            },
            "14": {
                "start": { "line": 15, "column": 0 },
                "end": { "line": 15, "column": 18 }
            },
            "15": {
                "start": { "line": 16, "column": 0 },
                "end": { "line": 16, "column": 24 }
            },
            "16": {
                "start": { "line": 17, "column": 0 },
                "end": { "line": 17, "column": 27 }
            },
            "17": {
                "start": { "line": 18, "column": 0 },
                "end": { "line": 18, "column": 27 }
            },
            "18": {
                "start": { "line": 19, "column": 0 },
                "end": { "line": 19, "column": 22 }
            },
            "19": {
                "start": { "line": 20, "column": 0 },
                "end": { "line": 20, "column": 17 }
            },
            "20": {
                "start": { "line": 21, "column": 0 },
                "end": { "line": 21, "column": 6 }
            },
            "21": {
                "start": { "line": 22, "column": 0 },
                "end": { "line": 22, "column": 2 }
            },
            "23": {
                "start": { "line": 24, "column": 0 },
                "end": { "line": 24, "column": 26 }
            }
        },
        "s": {
            "0": 0,
            "2": 0,
            "3": 0,
            "4": 0,
            "5": 0,
            "6": 0,
            "7": 0,
            "8": 0,
            "9": 0,
            "10": 0,
            "11": 0,
            "12": 0,
            "13": 0,
            "14": 0,
            "15": 0,
            "16": 0,
            "17": 0,
            "18": 0,
            "19": 0,
            "20": 0,
            "21": 0,
            "23": 0
        },
        "branchMap": {
            "0": {
                "type": "branch",
                "line": 1,
                "loc": {
                    "start": { "line": 1, "column": 530 },
                    "end": { "line": 24, "column": 26 }
                },
                "locations": [
                    {
                        "start": { "line": 1, "column": 530 },
                        "end": { "line": 24, "column": 26 }
                    }
                ]
            }
        },
        "b": { "0": [0] },
        "fnMap": {
            "0": {
                "name": "(empty-report)",
                "decl": {
                    "start": { "line": 1, "column": 530 },
                    "end": { "line": 24, "column": 26 }
                },
                "loc": {
                    "start": { "line": 1, "column": 530 },
                    "end": { "line": 24, "column": 26 }
                },
                "line": 1
            }
        },
        "f": { "0": 0 }
    },
    "/Users/shion.terunaga/Desktop/project/create-react-template/main-template/next/app/src/components/layout/card/card.tsx": {
        "path": "/Users/shion.terunaga/Desktop/project/create-react-template/main-template/next/app/src/components/layout/card/card.tsx",
        "all": true,
        "statementMap": {
            "1": {
                "start": { "line": 2, "column": 0 },
                "end": { "line": 2, "column": 52 }
            },
            "3": {
                "start": { "line": 4, "column": 0 },
                "end": { "line": 4, "column": 36 }
            },
            "4": {
                "start": { "line": 5, "column": 0 },
                "end": { "line": 5, "column": 38 }
            },
            "16": {
                "start": { "line": 17, "column": 0 },
                "end": { "line": 17, "column": 38 }
            },
            "17": {
                "start": { "line": 18, "column": 0 },
                "end": { "line": 18, "column": 57 }
            },
            "18": {
                "start": { "line": 19, "column": 0 },
                "end": { "line": 19, "column": 3 }
            },
            "19": {
                "start": { "line": 20, "column": 0 },
                "end": { "line": 20, "column": 70 }
            },
            "21": {
                "start": { "line": 22, "column": 0 },
                "end": { "line": 22, "column": 38 }
            },
            "22": {
                "start": { "line": 23, "column": 0 },
                "end": { "line": 23, "column": 24 }
            },
            "23": {
                "start": { "line": 24, "column": 0 },
                "end": { "line": 24, "column": 25 }
            },
            "24": {
                "start": { "line": 25, "column": 0 },
                "end": { "line": 25, "column": 6 }
            },
            "26": {
                "start": { "line": 27, "column": 0 },
                "end": { "line": 27, "column": 12 }
            },
            "27": {
                "start": { "line": 28, "column": 0 },
                "end": { "line": 28, "column": 68 }
            },
            "28": {
                "start": { "line": 29, "column": 0 },
                "end": { "line": 29, "column": 18 }
            },
            "29": {
                "start": { "line": 30, "column": 0 },
                "end": { "line": 30, "column": 25 }
            },
            "30": {
                "start": { "line": 31, "column": 0 },
                "end": { "line": 31, "column": 25 }
            },
            "31": {
                "start": { "line": 32, "column": 0 },
                "end": { "line": 32, "column": 44 }
            },
            "32": {
                "start": { "line": 33, "column": 0 },
                "end": { "line": 33, "column": 32 }
            },
            "33": {
                "start": { "line": 34, "column": 0 },
                "end": { "line": 34, "column": 34 }
            },
            "34": {
                "start": { "line": 35, "column": 0 },
                "end": { "line": 35, "column": 14 }
            },
            "35": {
                "start": { "line": 36, "column": 0 },
                "end": { "line": 36, "column": 55 }
            },
            "36": {
                "start": { "line": 37, "column": 0 },
                "end": { "line": 37, "column": 14 }
            },
            "38": {
                "start": { "line": 39, "column": 0 },
                "end": { "line": 39, "column": 1 }
            }
        },
        "s": {
            "1": 0,
            "3": 0,
            "4": 0,
            "16": 0,
            "17": 0,
            "18": 0,
            "19": 0,
            "21": 0,
            "22": 0,
            "23": 0,
            "24": 0,
            "26": 0,
            "27": 0,
            "28": 0,
            "29": 0,
            "30": 0,
            "31": 0,
            "32": 0,
            "33": 0,
            "34": 0,
            "35": 0,
            "36": 0,
            "38": 0
        },
        "branchMap": {
            "0": {
                "type": "branch",
                "line": 1,
                "loc": {
                    "start": { "line": 1, "column": 1040 },
                    "end": { "line": 39, "column": 1 }
                },
                "locations": [
                    {
                        "start": { "line": 1, "column": 1040 },
                        "end": { "line": 39, "column": 1 }
                    }
                ]
            }
        },
        "b": { "0": [1] },
        "fnMap": {
            "0": {
                "name": "(empty-report)",
                "decl": {
                    "start": { "line": 1, "column": 1040 },
                    "end": { "line": 39, "column": 1 }
                },
                "loc": {
                    "start": { "line": 1, "column": 1040 },
                    "end": { "line": 39, "column": 1 }
                },
                "line": 1
            }
        },
        "f": { "0": 1 }
    },
    "/Users/shion.terunaga/Desktop/project/create-react-template/main-template/next/app/src/components/ui/index.ts": {
        "path": "/Users/shion.terunaga/Desktop/project/create-react-template/main-template/next/app/src/components/ui/index.ts",
        "all": true,
        "statementMap": {
            "0": {
                "start": { "line": 1, "column": 0 },
                "end": { "line": 1, "column": 34 }
            },
            "1": {
                "start": { "line": 2, "column": 0 },
                "end": { "line": 2, "column": 31 }
            },
            "2": {
                "start": { "line": 3, "column": 0 },
                "end": { "line": 3, "column": 49 }
            },
            "4": {
                "start": { "line": 5, "column": 0 },
                "end": { "line": 5, "column": 40 }
            }
        },
        "s": { "0": 0, "1": 0, "2": 0, "4": 0 },
        "branchMap": {
            "0": {
                "type": "branch",
                "line": 1,
                "loc": {
                    "start": { "line": 1, "column": 0 },
                    "end": { "line": 5, "column": -52 }
                },
                "locations": [
                    {
                        "start": { "line": 1, "column": 0 },
                        "end": { "line": 5, "column": -52 }
                    }
                ]
            }
        },
        "b": { "0": [0] },
        "fnMap": {
            "0": {
                "name": "(empty-report)",
                "decl": {
                    "start": { "line": 1, "column": 0 },
                    "end": { "line": 5, "column": -52 }
                },
                "loc": {
                    "start": { "line": 1, "column": 0 },
                    "end": { "line": 5, "column": -52 }
                },
                "line": 1
            }
        },
        "f": { "0": 0 }
    },
    "/Users/shion.terunaga/Desktop/project/create-react-template/main-template/next/app/src/components/ui/box/grid-box/grid-box.css.ts": {
        "path": "/Users/shion.terunaga/Desktop/project/create-react-template/main-template/next/app/src/components/ui/box/grid-box/grid-box.css.ts",
        "all": true,
        "statementMap": {
            "0": {
                "start": { "line": 1, "column": 0 },
                "end": { "line": 1, "column": 60 }
            },
            "3": {
                "start": { "line": 4, "column": 0 },
                "end": { "line": 4, "column": 41 }
            },
            "4": {
                "start": { "line": 5, "column": 0 },
                "end": { "line": 5, "column": 15 }
            },
            "5": {
                "start": { "line": 6, "column": 0 },
                "end": { "line": 6, "column": 14 }
            },
            "6": {
                "start": { "line": 7, "column": 0 },
                "end": { "line": 7, "column": 6 }
            },
            "7": {
                "start": { "line": 8, "column": 0 },
                "end": { "line": 8, "column": 13 }
            },
            "8": {
                "start": { "line": 9, "column": 0 },
                "end": { "line": 9, "column": 15 }
            },
            "9": {
                "start": { "line": 10, "column": 0 },
                "end": { "line": 10, "column": 6 }
            },
            "10": {
                "start": { "line": 11, "column": 0 },
                "end": { "line": 11, "column": 12 }
            },
            "11": {
                "start": { "line": 12, "column": 0 },
                "end": { "line": 12, "column": 15 }
            },
            "12": {
                "start": { "line": 13, "column": 0 },
                "end": { "line": 13, "column": 5 }
            },
            "13": {
                "start": { "line": 14, "column": 0 },
                "end": { "line": 14, "column": 3 }
            },
            "15": {
                "start": { "line": 16, "column": 0 },
                "end": { "line": 16, "column": 50 }
            },
            "16": {
                "start": { "line": 17, "column": 0 },
                "end": { "line": 17, "column": 12 }
            },
            "17": {
                "start": { "line": 18, "column": 0 },
                "end": { "line": 18, "column": 45 }
            },
            "18": {
                "start": { "line": 19, "column": 0 },
                "end": { "line": 19, "column": 6 }
            },
            "19": {
                "start": { "line": 20, "column": 0 },
                "end": { "line": 20, "column": 11 }
            },
            "20": {
                "start": { "line": 21, "column": 0 },
                "end": { "line": 21, "column": 45 }
            },
            "21": {
                "start": { "line": 22, "column": 0 },
                "end": { "line": 22, "column": 6 }
            },
            "22": {
                "start": { "line": 23, "column": 0 },
                "end": { "line": 23, "column": 11 }
            },
            "23": {
                "start": { "line": 24, "column": 0 },
                "end": { "line": 24, "column": 45 }
            },
            "24": {
                "start": { "line": 25, "column": 0 },
                "end": { "line": 25, "column": 5 }
            },
            "25": {
                "start": { "line": 26, "column": 0 },
                "end": { "line": 26, "column": 3 }
            },
            "27": {
                "start": { "line": 28, "column": 0 },
                "end": { "line": 28, "column": 40 }
            },
            "28": {
                "start": { "line": 29, "column": 0 },
                "end": { "line": 29, "column": 20 }
            },
            "29": {
                "start": { "line": 30, "column": 0 },
                "end": { "line": 30, "column": 26 }
            },
            "30": {
                "start": { "line": 31, "column": 0 },
                "end": { "line": 31, "column": 3 }
            }
        },
        "s": {
            "0": 0,
            "3": 0,
            "4": 0,
            "5": 0,
            "6": 0,
            "7": 0,
            "8": 0,
            "9": 0,
            "10": 0,
            "11": 0,
            "12": 0,
            "13": 0,
            "15": 0,
            "16": 0,
            "17": 0,
            "18": 0,
            "19": 0,
            "20": 0,
            "21": 0,
            "22": 0,
            "23": 0,
            "24": 0,
            "25": 0,
            "27": 0,
            "28": 0,
            "29": 0,
            "30": 0
        },
        "branchMap": {
            "0": {
                "type": "branch",
                "line": 1,
                "loc": {
                    "start": { "line": 1, "column": 595 },
                    "end": { "line": 31, "column": 3 }
                },
                "locations": [
                    {
                        "start": { "line": 1, "column": 595 },
                        "end": { "line": 31, "column": 3 }
                    }
                ]
            }
        },
        "b": { "0": [0] },
        "fnMap": {
            "0": {
                "name": "(empty-report)",
                "decl": {
                    "start": { "line": 1, "column": 595 },
                    "end": { "line": 31, "column": 3 }
                },
                "loc": {
                    "start": { "line": 1, "column": 595 },
                    "end": { "line": 31, "column": 3 }
                },
                "line": 1
            }
        },
        "f": { "0": 0 }
    },
    "/Users/shion.terunaga/Desktop/project/create-react-template/main-template/next/app/src/components/ui/box/grid-box/grid-box.tsx": {
        "path": "/Users/shion.terunaga/Desktop/project/create-react-template/main-template/next/app/src/components/ui/box/grid-box/grid-box.tsx",
        "all": true,
        "statementMap": {
            "1": {
                "start": { "line": 2, "column": 0 },
                "end": { "line": 2, "column": 8 }
            },
            "7": {
                "start": { "line": 8, "column": 0 },
                "end": { "line": 8, "column": 34 }
            },
            "8": {
                "start": { "line": 9, "column": 0 },
                "end": { "line": 9, "column": 47 }
            },
            "15": {
                "start": { "line": 16, "column": 0 },
                "end": { "line": 16, "column": 41 }
            },
            "16": {
                "start": { "line": 17, "column": 0 },
                "end": { "line": 17, "column": 47 }
            },
            "17": {
                "start": { "line": 18, "column": 0 },
                "end": { "line": 18, "column": 3 }
            },
            "18": {
                "start": { "line": 19, "column": 0 },
                "end": { "line": 19, "column": 77 }
            },
            "20": {
                "start": { "line": 21, "column": 0 },
                "end": { "line": 21, "column": 43 }
            },
            "21": {
                "start": { "line": 22, "column": 0 },
                "end": { "line": 22, "column": 24 }
            },
            "22": {
                "start": { "line": 23, "column": 0 },
                "end": { "line": 23, "column": 49 }
            },
            "23": {
                "start": { "line": 24, "column": 0 },
                "end": { "line": 24, "column": 25 }
            },
            "24": {
                "start": { "line": 25, "column": 0 },
                "end": { "line": 25, "column": 7 }
            },
            "26": {
                "start": { "line": 27, "column": 0 },
                "end": { "line": 27, "column": 55 }
            },
            "27": {
                "start": { "line": 28, "column": 0 },
                "end": { "line": 28, "column": 1 }
            }
        },
        "s": {
            "1": 0,
            "7": 0,
            "8": 0,
            "15": 0,
            "16": 0,
            "17": 0,
            "18": 0,
            "20": 0,
            "21": 0,
            "22": 0,
            "23": 0,
            "24": 0,
            "26": 0,
            "27": 0
        },
        "branchMap": {
            "0": {
                "type": "branch",
                "line": 1,
                "loc": {
                    "start": { "line": 1, "column": 809 },
                    "end": { "line": 28, "column": 1 }
                },
                "locations": [
                    {
                        "start": { "line": 1, "column": 809 },
                        "end": { "line": 28, "column": 1 }
                    }
                ]
            }
        },
        "b": { "0": [1] },
        "fnMap": {
            "0": {
                "name": "(empty-report)",
                "decl": {
                    "start": { "line": 1, "column": 809 },
                    "end": { "line": 28, "column": 1 }
                },
                "loc": {
                    "start": { "line": 1, "column": 809 },
                    "end": { "line": 28, "column": 1 }
                },
                "line": 1
            }
        },
        "f": { "0": 1 }
    },
    "/Users/shion.terunaga/Desktop/project/create-react-template/main-template/next/app/src/components/ui/box/main/box.css.ts": {
        "path": "/Users/shion.terunaga/Desktop/project/create-react-template/main-template/next/app/src/components/ui/box/main/box.css.ts",
        "all": true,
        "statementMap": {
            "0": {
                "start": { "line": 1, "column": 0 },
                "end": { "line": 1, "column": 53 }
            },
            "2": {
                "start": { "line": 3, "column": 0 },
                "end": { "line": 3, "column": 28 }
            },
            "6": {
                "start": { "line": 7, "column": 0 },
                "end": { "line": 7, "column": 34 }
            },
            "7": {
                "start": { "line": 8, "column": 0 },
                "end": { "line": 8, "column": 16 }
            },
            "8": {
                "start": { "line": 9, "column": 0 },
                "end": { "line": 9, "column": 22 }
            },
            "9": {
                "start": { "line": 10, "column": 0 },
                "end": { "line": 10, "column": 10 }
            },
            "10": {
                "start": { "line": 11, "column": 0 },
                "end": { "line": 11, "column": 17 }
            },
            "11": {
                "start": { "line": 12, "column": 0 },
                "end": { "line": 12, "column": 22 }
            },
            "12": {
                "start": { "line": 13, "column": 0 },
                "end": { "line": 13, "column": 10 }
            },
            "13": {
                "start": { "line": 14, "column": 0 },
                "end": { "line": 14, "column": 14 }
            },
            "14": {
                "start": { "line": 15, "column": 0 },
                "end": { "line": 15, "column": 22 }
            },
            "15": {
                "start": { "line": 16, "column": 0 },
                "end": { "line": 16, "column": 10 }
            },
            "16": {
                "start": { "line": 17, "column": 0 },
                "end": { "line": 17, "column": 15 }
            },
            "17": {
                "start": { "line": 18, "column": 0 },
                "end": { "line": 18, "column": 25 }
            },
            "18": {
                "start": { "line": 19, "column": 0 },
                "end": { "line": 19, "column": 10 }
            },
            "19": {
                "start": { "line": 20, "column": 0 },
                "end": { "line": 20, "column": 15 }
            },
            "20": {
                "start": { "line": 21, "column": 0 },
                "end": { "line": 21, "column": 26 }
            },
            "21": {
                "start": { "line": 22, "column": 0 },
                "end": { "line": 22, "column": 9 }
            },
            "22": {
                "start": { "line": 23, "column": 0 },
                "end": { "line": 23, "column": 7 }
            },
            "23": {
                "start": { "line": 24, "column": 0 },
                "end": { "line": 24, "column": 35 }
            },
            "24": {
                "start": { "line": 25, "column": 0 },
                "end": { "line": 25, "column": 16 }
            },
            "25": {
                "start": { "line": 26, "column": 0 },
                "end": { "line": 26, "column": 23 }
            },
            "26": {
                "start": { "line": 27, "column": 0 },
                "end": { "line": 27, "column": 10 }
            },
            "27": {
                "start": { "line": 28, "column": 0 },
                "end": { "line": 28, "column": 17 }
            },
            "28": {
                "start": { "line": 29, "column": 0 },
                "end": { "line": 29, "column": 23 }
            },
            "29": {
                "start": { "line": 30, "column": 0 },
                "end": { "line": 30, "column": 10 }
            },
            "30": {
                "start": { "line": 31, "column": 0 },
                "end": { "line": 31, "column": 14 }
            },
            "31": {
                "start": { "line": 32, "column": 0 },
                "end": { "line": 32, "column": 23 }
            },
            "32": {
                "start": { "line": 33, "column": 0 },
                "end": { "line": 33, "column": 10 }
            },
            "33": {
                "start": { "line": 34, "column": 0 },
                "end": { "line": 34, "column": 15 }
            },
            "34": {
                "start": { "line": 35, "column": 0 },
                "end": { "line": 35, "column": 26 }
            },
            "35": {
                "start": { "line": 36, "column": 0 },
                "end": { "line": 36, "column": 10 }
            },
            "36": {
                "start": { "line": 37, "column": 0 },
                "end": { "line": 37, "column": 15 }
            },
            "37": {
                "start": { "line": 38, "column": 0 },
                "end": { "line": 38, "column": 27 }
            },
            "38": {
                "start": { "line": 39, "column": 0 },
                "end": { "line": 39, "column": 9 }
            },
            "39": {
                "start": { "line": 40, "column": 0 },
                "end": { "line": 40, "column": 7 }
            },
            "40": {
                "start": { "line": 41, "column": 0 },
                "end": { "line": 41, "column": 41 }
            },
            "41": {
                "start": { "line": 42, "column": 0 },
                "end": { "line": 42, "column": 15 }
            },
            "42": {
                "start": { "line": 43, "column": 0 },
                "end": { "line": 43, "column": 27 }
            },
            "43": {
                "start": { "line": 44, "column": 0 },
                "end": { "line": 44, "column": 10 }
            },
            "44": {
                "start": { "line": 45, "column": 0 },
                "end": { "line": 45, "column": 16 }
            },
            "45": {
                "start": { "line": 46, "column": 0 },
                "end": { "line": 46, "column": 27 }
            },
            "46": {
                "start": { "line": 47, "column": 0 },
                "end": { "line": 47, "column": 10 }
            },
            "47": {
                "start": { "line": 48, "column": 0 },
                "end": { "line": 48, "column": 17 }
            },
            "48": {
                "start": { "line": 49, "column": 0 },
                "end": { "line": 49, "column": 27 }
            },
            "49": {
                "start": { "line": 50, "column": 0 },
                "end": { "line": 50, "column": 10 }
            },
            "50": {
                "start": { "line": 51, "column": 0 },
                "end": { "line": 51, "column": 14 }
            },
            "51": {
                "start": { "line": 52, "column": 0 },
                "end": { "line": 52, "column": 28 }
            },
            "52": {
                "start": { "line": 53, "column": 0 },
                "end": { "line": 53, "column": 10 }
            },
            "53": {
                "start": { "line": 54, "column": 0 },
                "end": { "line": 54, "column": 15 }
            },
            "54": {
                "start": { "line": 55, "column": 0 },
                "end": { "line": 55, "column": 30 }
            },
            "55": {
                "start": { "line": 56, "column": 0 },
                "end": { "line": 56, "column": 9 }
            },
            "56": {
                "start": { "line": 57, "column": 0 },
                "end": { "line": 57, "column": 7 }
            },
            "57": {
                "start": { "line": 58, "column": 0 },
                "end": { "line": 58, "column": 27 }
            },
            "58": {
                "start": { "line": 59, "column": 0 },
                "end": { "line": 59, "column": 15 }
            },
            "59": {
                "start": { "line": 60, "column": 0 },
                "end": { "line": 60, "column": 26 }
            },
            "60": {
                "start": { "line": 61, "column": 0 },
                "end": { "line": 61, "column": 10 }
            },
            "61": {
                "start": { "line": 62, "column": 0 },
                "end": { "line": 62, "column": 15 }
            },
            "62": {
                "start": { "line": 63, "column": 0 },
                "end": { "line": 63, "column": 39 }
            },
            "63": {
                "start": { "line": 64, "column": 0 },
                "end": { "line": 64, "column": 10 }
            },
            "64": {
                "start": { "line": 65, "column": 0 },
                "end": { "line": 65, "column": 17 }
            },
            "65": {
                "start": { "line": 66, "column": 0 },
                "end": { "line": 66, "column": 39 }
            },
            "66": {
                "start": { "line": 67, "column": 0 },
                "end": { "line": 67, "column": 10 }
            },
            "67": {
                "start": { "line": 68, "column": 0 },
                "end": { "line": 68, "column": 16 }
            },
            "68": {
                "start": { "line": 69, "column": 0 },
                "end": { "line": 69, "column": 39 }
            },
            "69": {
                "start": { "line": 70, "column": 0 },
                "end": { "line": 70, "column": 9 }
            },
            "70": {
                "start": { "line": 71, "column": 0 },
                "end": { "line": 71, "column": 7 }
            },
            "71": {
                "start": { "line": 72, "column": 0 },
                "end": { "line": 72, "column": 35 }
            },
            "72": {
                "start": { "line": 73, "column": 0 },
                "end": { "line": 73, "column": 15 }
            },
            "73": {
                "start": { "line": 74, "column": 0 },
                "end": { "line": 74, "column": 29 }
            },
            "74": {
                "start": { "line": 75, "column": 0 },
                "end": { "line": 75, "column": 10 }
            },
            "75": {
                "start": { "line": 76, "column": 0 },
                "end": { "line": 76, "column": 16 }
            },
            "76": {
                "start": { "line": 77, "column": 0 },
                "end": { "line": 77, "column": 22 }
            },
            "77": {
                "start": { "line": 78, "column": 0 },
                "end": { "line": 78, "column": 78 }
            },
            "78": {
                "start": { "line": 79, "column": 0 },
                "end": { "line": 79, "column": 10 }
            },
            "79": {
                "start": { "line": 80, "column": 0 },
                "end": { "line": 80, "column": 17 }
            },
            "80": {
                "start": { "line": 81, "column": 0 },
                "end": { "line": 81, "column": 22 }
            },
            "81": {
                "start": { "line": 82, "column": 0 },
                "end": { "line": 82, "column": 77 }
            },
            "82": {
                "start": { "line": 83, "column": 0 },
                "end": { "line": 83, "column": 10 }
            },
            "83": {
                "start": { "line": 84, "column": 0 },
                "end": { "line": 84, "column": 14 }
            },
            "84": {
                "start": { "line": 85, "column": 0 },
                "end": { "line": 85, "column": 22 }
            },
            "85": {
                "start": { "line": 86, "column": 0 },
                "end": { "line": 86, "column": 80 }
            },
            "86": {
                "start": { "line": 87, "column": 0 },
                "end": { "line": 87, "column": 9 }
            },
            "87": {
                "start": { "line": 88, "column": 0 },
                "end": { "line": 88, "column": 7 }
            },
            "88": {
                "start": { "line": 89, "column": 0 },
                "end": { "line": 89, "column": 31 }
            },
            "89": {
                "start": { "line": 90, "column": 0 },
                "end": { "line": 90, "column": 16 }
            },
            "90": {
                "start": { "line": 91, "column": 0 },
                "end": { "line": 91, "column": 39 }
            },
            "91": {
                "start": { "line": 92, "column": 0 },
                "end": { "line": 92, "column": 62 }
            },
            "92": {
                "start": { "line": 93, "column": 0 },
                "end": { "line": 93, "column": 10 }
            },
            "93": {
                "start": { "line": 94, "column": 0 },
                "end": { "line": 94, "column": 20 }
            },
            "94": {
                "start": { "line": 95, "column": 0 },
                "end": { "line": 95, "column": 63 }
            },
            "95": {
                "start": { "line": 96, "column": 0 },
                "end": { "line": 96, "column": 28 }
            },
            "96": {
                "start": { "line": 97, "column": 0 },
                "end": { "line": 97, "column": 10 }
            },
            "97": {
                "start": { "line": 98, "column": 0 },
                "end": { "line": 98, "column": 15 }
            },
            "98": {
                "start": { "line": 99, "column": 0 },
                "end": { "line": 99, "column": 54 }
            },
            "99": {
                "start": { "line": 100, "column": 0 },
                "end": { "line": 100, "column": 28 }
            },
            "100": {
                "start": { "line": 101, "column": 0 },
                "end": { "line": 101, "column": 10 }
            },
            "101": {
                "start": { "line": 102, "column": 0 },
                "end": { "line": 102, "column": 19 }
            },
            "102": {
                "start": { "line": 103, "column": 0 },
                "end": { "line": 103, "column": 60 }
            },
            "103": {
                "start": { "line": 104, "column": 0 },
                "end": { "line": 104, "column": 61 }
            },
            "104": {
                "start": { "line": 105, "column": 0 },
                "end": { "line": 105, "column": 10 }
            },
            "105": {
                "start": { "line": 106, "column": 0 },
                "end": { "line": 106, "column": 16 }
            },
            "106": {
                "start": { "line": 107, "column": 0 },
                "end": { "line": 107, "column": 74 }
            },
            "107": {
                "start": { "line": 108, "column": 0 },
                "end": { "line": 108, "column": 28 }
            },
            "108": {
                "start": { "line": 109, "column": 0 },
                "end": { "line": 109, "column": 10 }
            },
            "109": {
                "start": { "line": 110, "column": 0 },
                "end": { "line": 110, "column": 14 }
            },
            "110": {
                "start": { "line": 111, "column": 0 },
                "end": { "line": 111, "column": 56 }
            },
            "111": {
                "start": { "line": 112, "column": 0 },
                "end": { "line": 112, "column": 47 }
            },
            "112": {
                "start": { "line": 113, "column": 0 },
                "end": { "line": 113, "column": 10 }
            },
            "113": {
                "start": { "line": 114, "column": 0 },
                "end": { "line": 114, "column": 15 }
            },
            "114": {
                "start": { "line": 115, "column": 0 },
                "end": { "line": 115, "column": 56 }
            },
            "115": {
                "start": { "line": 116, "column": 0 },
                "end": { "line": 116, "column": 59 }
            },
            "116": {
                "start": { "line": 117, "column": 0 },
                "end": { "line": 117, "column": 10 }
            },
            "117": {
                "start": { "line": 118, "column": 0 },
                "end": { "line": 118, "column": 16 }
            },
            "118": {
                "start": { "line": 119, "column": 0 },
                "end": { "line": 119, "column": 58 }
            },
            "119": {
                "start": { "line": 120, "column": 0 },
                "end": { "line": 120, "column": 52 }
            },
            "120": {
                "start": { "line": 121, "column": 0 },
                "end": { "line": 121, "column": 9 }
            },
            "121": {
                "start": { "line": 122, "column": 0 },
                "end": { "line": 122, "column": 6 }
            },
            "122": {
                "start": { "line": 123, "column": 0 },
                "end": { "line": 123, "column": 2 }
            }
        },
        "s": {
            "0": 0,
            "2": 0,
            "6": 0,
            "7": 0,
            "8": 0,
            "9": 0,
            "10": 0,
            "11": 0,
            "12": 0,
            "13": 0,
            "14": 0,
            "15": 0,
            "16": 0,
            "17": 0,
            "18": 0,
            "19": 0,
            "20": 0,
            "21": 0,
            "22": 0,
            "23": 0,
            "24": 0,
            "25": 0,
            "26": 0,
            "27": 0,
            "28": 0,
            "29": 0,
            "30": 0,
            "31": 0,
            "32": 0,
            "33": 0,
            "34": 0,
            "35": 0,
            "36": 0,
            "37": 0,
            "38": 0,
            "39": 0,
            "40": 0,
            "41": 0,
            "42": 0,
            "43": 0,
            "44": 0,
            "45": 0,
            "46": 0,
            "47": 0,
            "48": 0,
            "49": 0,
            "50": 0,
            "51": 0,
            "52": 0,
            "53": 0,
            "54": 0,
            "55": 0,
            "56": 0,
            "57": 0,
            "58": 0,
            "59": 0,
            "60": 0,
            "61": 0,
            "62": 0,
            "63": 0,
            "64": 0,
            "65": 0,
            "66": 0,
            "67": 0,
            "68": 0,
            "69": 0,
            "70": 0,
            "71": 0,
            "72": 0,
            "73": 0,
            "74": 0,
            "75": 0,
            "76": 0,
            "77": 0,
            "78": 0,
            "79": 0,
            "80": 0,
            "81": 0,
            "82": 0,
            "83": 0,
            "84": 0,
            "85": 0,
            "86": 0,
            "87": 0,
            "88": 0,
            "89": 0,
            "90": 0,
            "91": 0,
            "92": 0,
            "93": 0,
            "94": 0,
            "95": 0,
            "96": 0,
            "97": 0,
            "98": 0,
            "99": 0,
            "100": 0,
            "101": 0,
            "102": 0,
            "103": 0,
            "104": 0,
            "105": 0,
            "106": 0,
            "107": 0,
            "108": 0,
            "109": 0,
            "110": 0,
            "111": 0,
            "112": 0,
            "113": 0,
            "114": 0,
            "115": 0,
            "116": 0,
            "117": 0,
            "118": 0,
            "119": 0,
            "120": 0,
            "121": 0,
            "122": 0
        },
        "branchMap": {
            "0": {
                "type": "branch",
                "line": 1,
                "loc": {
[...]
            }
        },
        "s": {
            "0": 1,
            "38": 1,
            "39": 7,
            "40": 7,
            "41": 7,
            "42": 7,
            "43": 7,
            "46": 7,
            "47": 7,
            "48": 7,
            "49": 7,
            "50": 7,
            "51": 7,
            "52": 7,
            "53": 7,
            "56": 7,
            "57": 7,
            "58": 7,
            "59": 7,
            "60": 7,
            "61": 7,
            "62": 7,
            "63": 7,
            "64": 7,
            "65": 7,
            "66": 7,
            "67": 7,
            "68": 7,
            "69": 1
        },
        "branchMap": {
            "0": {
                "type": "branch",
                "line": 39,
                "loc": {
                    "start": { "line": 39, "column": 53 },
                    "end": { "line": 70, "column": 3 }
                },
                "locations": [
                    {
                        "start": { "line": 39, "column": 53 },
                        "end": { "line": 70, "column": 3 }
                    }
                ]
            }
        },
        "b": { "0": [7] },
        "fnMap": {},
        "f": {}
    },
    "/Users/shion.terunaga/Desktop/project/create-react-template/main-template/next/app/src/utils/error/fetcher/index.ts": {
        "path": "/Users/shion.terunaga/Desktop/project/create-react-template/main-template/next/app/src/utils/error/fetcher/index.ts",
        "all": false,
        "statementMap": {
            "0": {
                "start": { "line": 1, "column": 0 },
                "end": { "line": 1, "column": 53 }
            },
            "1": {
                "start": { "line": 2, "column": 0 },
                "end": { "line": 2, "column": 54 }
            },
            "5": {
                "start": { "line": 6, "column": 0 },
                "end": { "line": 6, "column": 16 }
            },
            "6": {
                "start": { "line": 7, "column": 0 },
                "end": { "line": 7, "column": 23 }
            },
            "7": {
                "start": { "line": 8, "column": 0 },
                "end": { "line": 8, "column": 22 }
            },
            "8": {
                "start": { "line": 9, "column": 0 },
                "end": { "line": 9, "column": 2 }
            }
        },
        "s": { "0": 1, "1": 1, "5": 1, "6": 1, "7": 1, "8": 1 },
        "branchMap": {},
        "b": {},
        "fnMap": {},
        "f": {}
    },
    "/Users/shion.terunaga/Desktop/project/create-react-template/main-template/next/app/src/utils/error/http/http-scheme.ts": {
        "path": "/Users/shion.terunaga/Desktop/project/create-react-template/main-template/next/app/src/utils/error/http/http-scheme.ts",
        "all": false,
        "statementMap": {
            "41": {
                "start": { "line": 42, "column": 0 },
                "end": { "line": 42, "column": 63 }
            },
            "43": {
                "start": { "line": 44, "column": 0 },
                "end": { "line": 44, "column": 62 }
            },
            "44": {
                "start": { "line": 45, "column": 0 },
                "end": { "line": 45, "column": 22 }
            },
            "45": {
                "start": { "line": 46, "column": 0 },
                "end": { "line": 46, "column": 33 }
            },
            "46": {
                "start": { "line": 47, "column": 0 },
                "end": { "line": 47, "column": 23 }
            },
            "47": {
                "start": { "line": 48, "column": 0 },
                "end": { "line": 48, "column": 23 }
            },
            "48": {
                "start": { "line": 49, "column": 0 },
                "end": { "line": 49, "column": 6 }
            },
            "50": {
                "start": { "line": 51, "column": 0 },
                "end": { "line": 51, "column": 60 }
            },
            "51": {
                "start": { "line": 52, "column": 0 },
                "end": { "line": 52, "column": 35 }
            },
            "52": {
                "start": { "line": 53, "column": 0 },
                "end": { "line": 53, "column": 33 }
            },
            "53": {
                "start": { "line": 54, "column": 0 },
                "end": { "line": 54, "column": 31 }
            },
            "54": {
                "start": { "line": 55, "column": 0 },
                "end": { "line": 55, "column": 39 }
            },
            "55": {
                "start": { "line": 56, "column": 0 },
                "end": { "line": 56, "column": 6 }
            },
            "58": {
                "start": { "line": 59, "column": 0 },
                "end": { "line": 59, "column": 59 }
            },
            "59": {
                "start": { "line": 60, "column": 0 },
                "end": { "line": 60, "column": 48 }
            },
            "60": {
                "start": { "line": 61, "column": 0 },
                "end": { "line": 61, "column": 39 }
            },
            "61": {
                "start": { "line": 62, "column": 0 },
                "end": { "line": 62, "column": 39 }
            },
            "62": {
                "start": { "line": 63, "column": 0 },
                "end": { "line": 63, "column": 46 }
            },
            "63": {
                "start": { "line": 64, "column": 0 },
                "end": { "line": 64, "column": 6 }
            },
            "65": {
                "start": { "line": 66, "column": 0 },
                "end": { "line": 66, "column": 12 }
            },
            "66": {
                "start": { "line": 67, "column": 0 },
                "end": { "line": 67, "column": 57 }
            },
            "67": {
                "start": { "line": 68, "column": 0 },
                "end": { "line": 68, "column": 55 }
            },
            "68": {
                "start": { "line": 69, "column": 0 },
                "end": { "line": 69, "column": 42 }
            },
            "69": {
                "start": { "line": 70, "column": 0 },
                "end": { "line": 70, "column": 6 }
            },
            "70": {
                "start": { "line": 71, "column": 0 },
                "end": { "line": 71, "column": 5 }
            }
        },
        "s": {
            "41": 1,
            "43": 9,
            "44": 9,
            "45": 9,
            "46": 9,
            "47": 9,
            "48": 9,
            "50": 9,
            "51": 9,
            "52": 9,
            "53": 9,
            "54": 9,
            "55": 9,
            "58": 9,
            "59": 9,
            "60": 9,
            "61": 9,
            "62": 9,
            "63": 9,
            "65": 9,
            "66": 9,
            "67": 9,
            "68": 9,
            "69": 9,
            "70": 1
        },
        "branchMap": {
            "0": {
                "type": "branch",
                "line": 42,
                "loc": {
                    "start": { "line": 42, "column": 50 },
                    "end": { "line": 71, "column": 3 }
                },
                "locations": [
                    {
                        "start": { "line": 42, "column": 50 },
                        "end": { "line": 71, "column": 3 }
                    }
                ]
            }
        },
        "b": { "0": [9] },
        "fnMap": {},
        "f": {}
    },
    "/Users/shion.terunaga/Desktop/project/create-react-template/main-template/next/app/src/utils/error/http/http.ts": {
        "path": "/Users/shion.terunaga/Desktop/project/create-react-template/main-template/next/app/src/utils/error/http/http.ts",
        "all": false,
        "statementMap": {
            "0": {
                "start": { "line": 1, "column": 0 },
                "end": { "line": 1, "column": 8 }
            },
            "11": {
                "start": { "line": 12, "column": 0 },
                "end": { "line": 12, "column": 45 }
            },
            "12": {
                "start": { "line": 13, "column": 0 },
                "end": { "line": 13, "column": 45 }
            },
            "14": {
                "start": { "line": 15, "column": 0 },
                "end": { "line": 15, "column": 30 }
            },
            "15": {
                "start": { "line": 16, "column": 0 },
                "end": { "line": 16, "column": 15 }
            },
            "16": {
                "start": { "line": 17, "column": 0 },
                "end": { "line": 17, "column": 15 }
            },
            "17": {
                "start": { "line": 18, "column": 0 },
                "end": { "line": 18, "column": 8 }
            },
            "20": {
                "start": { "line": 21, "column": 0 },
                "end": { "line": 21, "column": 22 }
            },
            "21": {
                "start": { "line": 22, "column": 0 },
                "end": { "line": 22, "column": 16 }
            },
            "22": {
                "start": { "line": 23, "column": 0 },
                "end": { "line": 23, "column": 30 }
            },
            "23": {
                "start": { "line": 24, "column": 0 },
                "end": { "line": 24, "column": 19 }
            },
            "24": {
                "start": { "line": 25, "column": 0 },
                "end": { "line": 25, "column": 19 }
            },
            "25": {
                "start": { "line": 26, "column": 0 },
                "end": { "line": 26, "column": 10 }
            },
            "26": {
                "start": { "line": 27, "column": 0 },
                "end": { "line": 27, "column": 6 }
            },
            "28": {
                "start": { "line": 29, "column": 0 },
                "end": { "line": 29, "column": 47 }
            },
            "29": {
                "start": { "line": 30, "column": 0 },
                "end": { "line": 30, "column": 32 }
            },
            "30": {
                "start": { "line": 31, "column": 0 },
                "end": { "line": 31, "column": 80 }
            },
            "31": {
                "start": { "line": 32, "column": 0 },
                "end": { "line": 32, "column": 74 }
            },
            "32": {
                "start": { "line": 33, "column": 0 },
                "end": { "line": 33, "column": 11 }
            },
            "33": {
                "start": { "line": 34, "column": 0 },
                "end": { "line": 34, "column": 9 }
            },
            "35": {
                "start": { "line": 36, "column": 0 },
                "end": { "line": 36, "column": 45 }
            },
            "36": {
                "start": { "line": 37, "column": 0 },
                "end": { "line": 37, "column": 32 }
            },
            "37": {
                "start": { "line": 38, "column": 0 },
                "end": { "line": 38, "column": 78 }
            },
            "38": {
                "start": { "line": 39, "column": 0 },
                "end": { "line": 39, "column": 72 }
            },
            "39": {
                "start": { "line": 40, "column": 0 },
                "end": { "line": 40, "column": 11 }
            },
            "40": {
                "start": { "line": 41, "column": 0 },
                "end": { "line": 41, "column": 9 }
            },
            "42": {
                "start": { "line": 43, "column": 0 },
                "end": { "line": 43, "column": 43 }
            },
            "43": {
                "start": { "line": 44, "column": 0 },
                "end": { "line": 44, "column": 32 }
            },
            "44": {
                "start": { "line": 45, "column": 0 },
                "end": { "line": 45, "column": 76 }
            },
            "45": {
                "start": { "line": 46, "column": 0 },
                "end": { "line": 46, "column": 70 }
            },
            "46": {
                "start": { "line": 47, "column": 0 },
                "end": { "line": 47, "column": 11 }
            },
            "47": {
                "start": { "line": 48, "column": 0 },
                "end": { "line": 48, "column": 9 }
            },
            "49": {
                "start": { "line": 50, "column": 0 },
                "end": { "line": 50, "column": 52 }
            },
            "50": {
                "start": { "line": 51, "column": 0 },
                "end": { "line": 51, "column": 32 }
            },
            "51": {
                "start": { "line": 52, "column": 0 },
                "end": { "line": 52, "column": 58 }
            },
            "52": {
                "start": { "line": 53, "column": 0 },
                "end": { "line": 53, "column": 43 }
            },
            "53": {
                "start": { "line": 54, "column": 0 },
                "end": { "line": 54, "column": 79 }
            },
            "54": {
                "start": { "line": 55, "column": 0 },
                "end": { "line": 55, "column": 11 }
            },
            "55": {
                "start": { "line": 56, "column": 0 },
                "end": { "line": 56, "column": 9 }
            },
            "57": {
                "start": { "line": 58, "column": 0 },
                "end": { "line": 58, "column": 12 }
            },
            "58": {
                "start": { "line": 59, "column": 0 },
                "end": { "line": 59, "column": 34 }
            },
            "59": {
                "start": { "line": 60, "column": 0 },
                "end": { "line": 60, "column": 29 }
            },
            "60": {
                "start": { "line": 61, "column": 0 },
                "end": { "line": 61, "column": 27 }
            },
            "61": {
                "start": { "line": 62, "column": 0 },
                "end": { "line": 62, "column": 24 }
            },
            "62": {
                "start": { "line": 63, "column": 0 },
                "end": { "line": 63, "column": 6 }
            },
            "63": {
                "start": { "line": 64, "column": 0 },
                "end": { "line": 64, "column": 5 }
            }
        },
        "s": {
            "0": 1,
            "11": 1,
            "12": 7,
            "14": 7,
            "15": 28,
            "16": 28,
            "17": 28,
            "20": 28,
            "21": 28,
            "22": 28,
            "23": 28,
            "24": 28,
            "25": 28,
            "26": 28,
            "28": 7,
            "29": 7,
            "30": 7,
            "31": 7,
            "32": 7,
            "33": 7,
            "35": 7,
            "36": 7,
            "37": 7,
            "38": 7,
            "39": 7,
            "40": 7,
            "42": 7,
            "43": 7,
            "44": 7,
            "45": 7,
            "46": 7,
            "47": 7,
            "49": 7,
            "50": 7,
            "51": 7,
            "52": 7,
            "53": 7,
            "54": 7,
            "55": 7,
            "57": 7,
            "58": 7,
            "59": 7,
            "60": 7,
            "61": 7,
            "62": 7,
            "63": 1
        },
        "branchMap": {
            "0": {
                "type": "branch",
                "line": 12,
                "loc": {
                    "start": { "line": 12, "column": 32 },
                    "end": { "line": 64, "column": 3 }
                },
                "locations": [
                    {
                        "start": { "line": 12, "column": 32 },
                        "end": { "line": 64, "column": 3 }
                    }
                ]
            },
            "1": {
                "type": "branch",
                "line": 15,
                "loc": {
                    "start": { "line": 15, "column": 28 },
                    "end": { "line": 27, "column": 6 }
                },
                "locations": [
                    {
                        "start": { "line": 15, "column": 28 },
                        "end": { "line": 27, "column": 6 }
                    }
                ]
            },
            "2": {
                "type": "branch",
                "line": 29,
                "loc": {
                    "start": { "line": 29, "column": 34 },
                    "end": { "line": 34, "column": 7 }
                },
                "locations": [
                    {
                        "start": { "line": 29, "column": 34 },
                        "end": { "line": 34, "column": 7 }
                    }
                ]
            },
            "3": {
                "type": "branch",
                "line": 36,
                "loc": {
                    "start": { "line": 36, "column": 32 },
                    "end": { "line": 41, "column": 7 }
                },
                "locations": [
                    {
                        "start": { "line": 36, "column": 32 },
                        "end": { "line": 41, "column": 7 }
                    }
                ]
            },
            "4": {
                "type": "branch",
                "line": 43,
                "loc": {
                    "start": { "line": 43, "column": 30 },
                    "end": { "line": 48, "column": 7 }
                },
                "locations": [
                    {
                        "start": { "line": 43, "column": 30 },
                        "end": { "line": 48, "column": 7 }
                    }
                ]
            },
            "5": {
                "type": "branch",
                "line": 50,
                "loc": {
                    "start": { "line": 50, "column": 39 },
                    "end": { "line": 56, "column": 7 }
                },
                "locations": [
                    {
                        "start": { "line": 50, "column": 39 },
                        "end": { "line": 56, "column": 7 }
                    }
                ]
            }
        },
        "b": { "0": [7], "1": [28], "2": [7], "3": [7], "4": [7], "5": [7] },
        "fnMap": {
            "0": {
                "name": "createHttpError2",
                "decl": {
                    "start": { "line": 15, "column": 28 },
                    "end": { "line": 27, "column": 6 }
                },
                "loc": {
                    "start": { "line": 15, "column": 28 },
                    "end": { "line": 27, "column": 6 }
                },
                "line": 15
            }
        },
        "f": { "0": 28 }
    },
    "/Users/shion.terunaga/Desktop/project/create-react-template/main-template/next/app/src/utils/error/http/index.ts": {
        "path": "/Users/shion.terunaga/Desktop/project/create-react-template/main-template/next/app/src/utils/error/http/index.ts",
        "all": false,
        "statementMap": {
            "0": {
                "start": { "line": 1, "column": 0 },
                "end": { "line": 1, "column": 41 }
            },
            "1": {
                "start": { "line": 2, "column": 0 },
                "end": { "line": 2, "column": 49 }
            },
            "6": {
                "start": { "line": 7, "column": 0 },
                "end": { "line": 7, "column": 16 }
            },
            "7": {
                "start": { "line": 8, "column": 0 },
                "end": { "line": 8, "column": 21 }
            },
            "8": {
                "start": { "line": 9, "column": 0 },
                "end": { "line": 9, "column": 19 }
            },
            "9": {
                "start": { "line": 10, "column": 0 },
                "end": { "line": 10, "column": 2 }
            }
        },
        "s": { "0": 1, "1": 1, "6": 1, "7": 1, "8": 1, "9": 1 },
        "branchMap": {},
        "b": {},
        "fnMap": {},
        "f": {}
    }
}
