<?xml version="1.0" encoding="UTF-8"?>
<coverage generated="1761460117812" clover="3.2.0">
  <project timestamp="1761460117812" name="All files">
    <metrics statements="1402" coveredstatements="542" conditionals="132" coveredconditionals="93" methods="67" coveredmethods="39" elements="1601" coveredelements="674" complexity="0" loc="1402" ncloc="1402" packages="31" files="62" classes="62"/>
    <package name="pages">
      <metrics statements="9" coveredstatements="0" conditionals="1" coveredconditionals="0" methods="1" coveredmethods="0"/>
      <file name="next.config.ts" path="/Users/shion.terunaga/Desktop/project/create-react-template/main-template/next/pages/next.config.ts">
        <metrics statements="9" coveredstatements="0" conditionals="1" coveredconditionals="0" methods="1" coveredmethods="0"/>
        <line num="1" count="0" type="cond" truecount="0" falsecount="1"/>
        <line num="4" count="0" type="stmt"/>
        <line num="6" count="0" type="stmt"/>
        <line num="8" count="0" type="stmt"/>
        <line num="9" count="0" type="stmt"/>
        <line num="10" count="0" type="stmt"/>
        <line num="11" count="0" type="stmt"/>
        <line num="12" count="0" type="stmt"/>
        <line num="14" count="0" type="stmt"/>
      </file>
    </package>
    <package name="pages.src.__test__.setting">
      <metrics statements="0" coveredstatements="0" conditionals="1" coveredconditionals="1" methods="1" coveredmethods="1"/>
      <file name="setup.ts" path="/Users/shion.terunaga/Desktop/project/create-react-template/main-template/next/pages/src/__test__/setting/setup.ts">
        <metrics statements="0" coveredstatements="0" conditionals="1" coveredconditionals="1" methods="1" coveredmethods="1"/>
      </file>
    </package>
    <package name="pages.src.components.layout">
      <metrics statements="1" coveredstatements="0" conditionals="1" coveredconditionals="0" methods="1" coveredmethods="0"/>
      <file name="index.ts" path="/Users/shion.terunaga/Desktop/project/create-react-template/main-template/next/pages/src/components/layout/index.ts">
        <metrics statements="1" coveredstatements="0" conditionals="1" coveredconditionals="0" methods="1" coveredmethods="0"/>
        <line num="1" count="0" type="cond" truecount="0" falsecount="1"/>
      </file>
    </package>
    <package name="pages.src.components.layout.card">
      <metrics statements="44" coveredstatements="0" conditionals="2" coveredconditionals="1" methods="2" coveredmethods="1"/>
      <file name="card.css.ts" path="/Users/shion.terunaga/Desktop/project/create-react-template/main-template/next/pages/src/components/layout/card/card.css.ts">
        <metrics statements="22" coveredstatements="0" conditionals="1" coveredconditionals="0" methods="1" coveredmethods="0"/>
        <line num="1" count="0" type="cond" truecount="0" falsecount="1"/>
        <line num="3" count="0" type="stmt"/>
        <line num="4" count="0" type="stmt"/>
        <line num="5" count="0" type="stmt"/>
        <line num="6" count="0" type="stmt"/>
        <line num="7" count="0" type="stmt"/>
        <line num="8" count="0" type="stmt"/>
        <line num="9" count="0" type="stmt"/>
        <line num="10" count="0" type="stmt"/>
        <line num="11" count="0" type="stmt"/>
        <line num="12" count="0" type="stmt"/>
        <line num="13" count="0" type="stmt"/>
        <line num="14" count="0" type="stmt"/>
        <line num="15" count="0" type="stmt"/>
        <line num="16" count="0" type="stmt"/>
        <line num="17" count="0" type="stmt"/>
        <line num="18" count="0" type="stmt"/>
        <line num="19" count="0" type="stmt"/>
        <line num="20" count="0" type="stmt"/>
        <line num="21" count="0" type="stmt"/>
        <line num="22" count="0" type="stmt"/>
        <line num="24" count="0" type="stmt"/>
      </file>
      <file name="card.tsx" path="/Users/shion.terunaga/Desktop/project/create-react-template/main-template/next/pages/src/components/layout/card/card.tsx">
        <metrics statements="22" coveredstatements="0" conditionals="1" coveredconditionals="1" methods="1" coveredmethods="1"/>
        <line num="2" count="0" type="stmt"/>
        <line num="4" count="0" type="stmt"/>
        <line num="16" count="0" type="stmt"/>
        <line num="17" count="0" type="stmt"/>
        <line num="18" count="0" type="stmt"/>
        <line num="19" count="0" type="stmt"/>
        <line num="21" count="0" type="stmt"/>
        <line num="22" count="0" type="stmt"/>
        <line num="23" count="0" type="stmt"/>
        <line num="24" count="0" type="stmt"/>
        <line num="26" count="0" type="stmt"/>
        <line num="27" count="0" type="stmt"/>
        <line num="28" count="0" type="stmt"/>
        <line num="29" count="0" type="stmt"/>
        <line num="30" count="0" type="stmt"/>
        <line num="31" count="0" type="stmt"/>
        <line num="32" count="0" type="stmt"/>
        <line num="33" count="0" type="stmt"/>
        <line num="34" count="0" type="stmt"/>
        <line num="35" count="0" type="stmt"/>
        <line num="36" count="0" type="stmt"/>
        <line num="38" count="0" type="stmt"/>
      </file>
    </package>
    <package name="pages.src.components.ui">
      <metrics statements="4" coveredstatements="0" conditionals="1" coveredconditionals="0" methods="1" coveredmethods="0"/>
      <file name="index.ts" path="/Users/shion.terunaga/Desktop/project/create-react-template/main-template/next/pages/src/components/ui/index.ts">
        <metrics statements="4" coveredstatements="0" conditionals="1" coveredconditionals="0" methods="1" coveredmethods="0"/>
        <line num="1" count="0" type="cond" truecount="0" falsecount="1"/>
        <line num="2" count="0" type="stmt"/>
        <line num="3" count="0" type="stmt"/>
        <line num="5" count="0" type="stmt"/>
      </file>
    </package>
    <package name="pages.src.components.ui.box.grid-box">
      <metrics statements="41" coveredstatements="0" conditionals="2" coveredconditionals="1" methods="2" coveredmethods="1"/>
      <file name="grid-box.css.ts" path="/Users/shion.terunaga/Desktop/project/create-react-template/main-template/next/pages/src/components/ui/box/grid-box/grid-box.css.ts">
        <metrics statements="27" coveredstatements="0" conditionals="1" coveredconditionals="0" methods="1" coveredmethods="0"/>
        <line num="1" count="0" type="cond" truecount="0" falsecount="1"/>
        <line num="4" count="0" type="stmt"/>
        <line num="5" count="0" type="stmt"/>
        <line num="6" count="0" type="stmt"/>
        <line num="7" count="0" type="stmt"/>
        <line num="8" count="0" type="stmt"/>
        <line num="9" count="0" type="stmt"/>
        <line num="10" count="0" type="stmt"/>
        <line num="11" count="0" type="stmt"/>
        <line num="12" count="0" type="stmt"/>
        <line num="13" count="0" type="stmt"/>
        <line num="14" count="0" type="stmt"/>
        <line num="16" count="0" type="stmt"/>
        <line num="17" count="0" type="stmt"/>
        <line num="18" count="0" type="stmt"/>
        <line num="19" count="0" type="stmt"/>
        <line num="20" count="0" type="stmt"/>
        <line num="21" count="0" type="stmt"/>
        <line num="22" count="0" type="stmt"/>
        <line num="23" count="0" type="stmt"/>
        <line num="24" count="0" type="stmt"/>
        <line num="25" count="0" type="stmt"/>
        <line num="26" count="0" type="stmt"/>
        <line num="28" count="0" type="stmt"/>
        <line num="29" count="0" type="stmt"/>
        <line num="30" count="0" type="stmt"/>
        <line num="31" count="0" type="stmt"/>
      </file>
      <file name="grid-box.tsx" path="/Users/shion.terunaga/Desktop/project/create-react-template/main-template/next/pages/src/components/ui/box/grid-box/grid-box.tsx">
        <metrics statements="14" coveredstatements="0" conditionals="1" coveredconditionals="1" methods="1" coveredmethods="1"/>
        <line num="2" count="0" type="stmt"/>
        <line num="8" count="0" type="stmt"/>
        <line num="9" count="0" type="stmt"/>
        <line num="16" count="0" type="stmt"/>
        <line num="17" count="0" type="stmt"/>
        <line num="18" count="0" type="stmt"/>
        <line num="19" count="0" type="stmt"/>
        <line num="21" count="0" type="stmt"/>
        <line num="22" count="0" type="stmt"/>
        <line num="23" count="0" type="stmt"/>
        <line num="24" count="0" type="stmt"/>
        <line num="25" count="0" type="stmt"/>
        <line num="27" count="0" type="stmt"/>
        <line num="28" count="0" type="stmt"/>
      </file>
    </package>
    <package name="pages.src.components.ui.box.main">
      <metrics statements="151" coveredstatements="0" conditionals="2" coveredconditionals="1" methods="2" coveredmethods="1"/>
      <file name="box.css.ts" path="/Users/shion.terunaga/Desktop/project/create-react-template/main-template/next/pages/src/components/ui/box/main/box.css.ts">
        <metrics statements="119" coveredstatements="0" conditionals="1" coveredconditionals="0" methods="1" coveredmethods="0"/>
        <line num="1" count="0" type="cond" truecount="0" falsecount="1"/>
        <line num="3" count="0" type="stmt"/>
        <line num="7" count="0" type="stmt"/>
        <line num="8" count="0" type="stmt"/>
        <line num="9" count="0" type="stmt"/>
        <line num="10" count="0" type="stmt"/>
        <line num="11" count="0" type="stmt"/>
        <line num="12" count="0" type="stmt"/>
        <line num="13" count="0" type="stmt"/>
        <line num="14" count="0" type="stmt"/>
        <line num="15" count="0" type="stmt"/>
        <line num="16" count="0" type="stmt"/>
        <line num="17" count="0" type="stmt"/>
        <line num="18" count="0" type="stmt"/>
        <line num="19" count="0" type="stmt"/>
        <line num="20" count="0" type="stmt"/>
        <line num="21" count="0" type="stmt"/>
        <line num="22" count="0" type="stmt"/>
        <line num="23" count="0" type="stmt"/>
        <line num="24" count="0" type="stmt"/>
        <line num="25" count="0" type="stmt"/>
        <line num="26" count="0" type="stmt"/>
        <line num="27" count="0" type="stmt"/>
        <line num="28" count="0" type="stmt"/>
        <line num="29" count="0" type="stmt"/>
        <line num="30" count="0" type="stmt"/>
        <line num="31" count="0" type="stmt"/>
        <line num="32" count="0" type="stmt"/>
        <line num="33" count="0" type="stmt"/>
        <line num="34" count="0" type="stmt"/>
        <line num="35" count="0" type="stmt"/>
        <line num="36" count="0" type="stmt"/>
        <line num="37" count="0" type="stmt"/>
        <line num="38" count="0" type="stmt"/>
        <line num="39" count="0" type="stmt"/>
        <line num="40" count="0" type="stmt"/>
        <line num="41" count="0" type="stmt"/>
        <line num="42" count="0" type="stmt"/>
        <line num="43" count="0" type="stmt"/>
        <line num="44" count="0" type="stmt"/>
        <line num="45" count="0" type="stmt"/>
        <line num="46" count="0" type="stmt"/>
        <line num="47" count="0" type="stmt"/>
        <line num="48" count="0" type="stmt"/>
        <line num="49" count="0" type="stmt"/>
        <line num="50" count="0" type="stmt"/>
        <line num="51" count="0" type="stmt"/>
        <line num="52" count="0" type="stmt"/>
        <line num="53" count="0" type="stmt"/>
        <line num="54" count="0" type="stmt"/>
        <line num="55" count="0" type="stmt"/>
        <line num="56" count="0" type="stmt"/>
        <line num="57" count="0" type="stmt"/>
        <line num="58" count="0" type="stmt"/>
        <line num="59" count="0" type="stmt"/>
        <line num="60" count="0" type="stmt"/>
        <line num="61" count="0" type="stmt"/>
        <line num="62" count="0" type="stmt"/>
        <line num="63" count="0" type="stmt"/>
        <line num="64" count="0" type="stmt"/>
        <line num="65" count="0" type="stmt"/>
        <line num="66" count="0" type="stmt"/>
        <line num="67" count="0" type="stmt"/>
        <line num="68" count="0" type="stmt"/>
        <line num="69" count="0" type="stmt"/>
        <line num="70" count="0" type="stmt"/>
        <line num="71" count="0" type="stmt"/>
        <line num="72" count="0" type="stmt"/>
        <line num="73" count="0" type="stmt"/>
        <line num="74" count="0" type="stmt"/>
        <line num="75" count="0" type="stmt"/>
        <line num="76" count="0" type="stmt"/>
        <line num="77" count="0" type="stmt"/>
        <line num="78" count="0" type="stmt"/>
        <line num="79" count="0" type="stmt"/>
        <line num="80" count="0" type="stmt"/>
        <line num="81" count="0" type="stmt"/>
        <line num="82" count="0" type="stmt"/>
        <line num="83" count="0" type="stmt"/>
        <line num="84" count="0" type="stmt"/>
        <line num="85" count="0" type="stmt"/>
        <line num="86" count="0" type="stmt"/>
        <line num="87" count="0" type="stmt"/>
        <line num="88" count="0" type="stmt"/>
        <line num="89" count="0" type="stmt"/>
        <line num="90" count="0" type="stmt"/>
        <line num="91" count="0" type="stmt"/>
        <line num="92" count="0" type="stmt"/>
        <line num="93" count="0" type="stmt"/>
        <line num="94" count="0" type="stmt"/>
        <line num="95" count="0" type="stmt"/>
        <line num="96" count="0" type="stmt"/>
        <line num="97" count="0" type="stmt"/>
        <line num="98" count="0" type="stmt"/>
        <line num="99" count="0" type="stmt"/>
        <line num="100" count="0" type="stmt"/>
        <line num="101" count="0" type="stmt"/>
        <line num="102" count="0" type="stmt"/>
        <line num="103" count="0" type="stmt"/>
        <line num="104" count="0" type="stmt"/>
        <line num="105" count="0" type="stmt"/>
        <line num="106" count="0" type="stmt"/>
        <line num="107" count="0" type="stmt"/>
        <line num="108" count="0" type="stmt"/>
        <line num="109" count="0" type="stmt"/>
        <line num="110" count="0" type="stmt"/>
        <line num="111" count="0" type="stmt"/>
        <line num="112" count="0" type="stmt"/>
        <line num="113" count="0" type="stmt"/>
        <line num="114" count="0" type="stmt"/>
        <line num="115" count="0" type="stmt"/>
        <line num="116" count="0" type="stmt"/>
        <line num="117" count="0" type="stmt"/>
        <line num="118" count="0" type="stmt"/>
        <line num="119" count="0" type="stmt"/>
        <line num="120" count="0" type="stmt"/>
        <line num="121" count="0" type="stmt"/>
        <line num="122" count="0" type="stmt"/>
        <line num="123" count="0" type="stmt"/>
      </file>
      <file name="box.tsx" path="/Users/shion.terunaga/Desktop/project/create-react-template/main-template/next/pages/src/components/ui/box/main/box.tsx">
        <metrics statements="32" coveredstatements="0" conditionals="1" coveredconditionals="1" methods="1" coveredmethods="1"/>
        <line num="3" count="0" type="stmt"/>
        <line num="5" count="0" type="stmt"/>
        <line num="28" count="0" type="stmt"/>
        <line num="29" count="0" type="stmt"/>
        <line num="30" count="0" type="stmt"/>
        <line num="31" count="0" type="stmt"/>
        <line num="32" count="0" type="stmt"/>
        <line num="33" count="0" type="stmt"/>
        <line num="34" count="0" type="stmt"/>
        <line num="35" count="0" type="stmt"/>
        <line num="36" count="0" type="stmt"/>
        <line num="37" count="0" type="stmt"/>
        <line num="38" count="0" type="stmt"/>
        <line num="39" count="0" type="stmt"/>
        <line num="40" count="0" type="stmt"/>
        <line num="41" count="0" type="stmt"/>
        <line num="42" count="0" type="stmt"/>
        <line num="44" count="0" type="stmt"/>
        <line num="45" count="0" type="stmt"/>
        <line num="46" count="0" type="stmt"/>
        <line num="47" count="0" type="stmt"/>
        <line num="48" count="0" type="stmt"/>
        <line num="49" count="0" type="stmt"/>
        <line num="50" count="0" type="stmt"/>
        <line num="51" count="0" type="stmt"/>
        <line num="52" count="0" type="stmt"/>
        <line num="54" count="0" type="stmt"/>
        <line num="56" count="0" type="stmt"/>
        <line num="57" count="0" type="stmt"/>
        <line num="58" count="0" type="stmt"/>
        <line num="59" count="0" type="stmt"/>
        <line num="61" count="0" type="stmt"/>
      </file>
    </package>
    <package name="pages.src.components.ui.center.font-center">
      <metrics statements="19" coveredstatements="0" conditionals="2" coveredconditionals="1" methods="2" coveredmethods="1"/>
      <file name="font-center.css.ts" path="/Users/shion.terunaga/Desktop/project/create-react-template/main-template/next/pages/src/components/ui/center/font-center/font-center.css.ts">
        <metrics statements="5" coveredstatements="0" conditionals="1" coveredconditionals="0" methods="1" coveredmethods="0"/>
        <line num="1" count="0" type="cond" truecount="0" falsecount="1"/>
        <line num="3" count="0" type="stmt"/>
        <line num="4" count="0" type="stmt"/>
        <line num="5" count="0" type="stmt"/>
        <line num="7" count="0" type="stmt"/>
      </file>
      <file name="font-center.tsx" path="/Users/shion.terunaga/Desktop/project/create-react-template/main-template/next/pages/src/components/ui/center/font-center/font-center.tsx">
        <metrics statements="14" coveredstatements="0" conditionals="1" coveredconditionals="1" methods="1" coveredmethods="1"/>
        <line num="4" count="0" type="stmt"/>
        <line num="11" count="0" type="stmt"/>
        <line num="12" count="0" type="stmt"/>
        <line num="13" count="0" type="stmt"/>
        <line num="14" count="0" type="stmt"/>
        <line num="15" count="0" type="stmt"/>
        <line num="16" count="0" type="stmt"/>
        <line num="18" count="0" type="stmt"/>
        <line num="20" count="0" type="stmt"/>
        <line num="21" count="0" type="stmt"/>
        <line num="22" count="0" type="stmt"/>
        <line num="23" count="0" type="stmt"/>
        <line num="25" count="0" type="stmt"/>
        <line num="27" count="0" type="stmt"/>
      </file>
    </package>
    <package name="pages.src.components.ui.heading">
      <metrics statements="40" coveredstatements="0" conditionals="2" coveredconditionals="1" methods="2" coveredmethods="1"/>
      <file name="heading.css.ts" path="/Users/shion.terunaga/Desktop/project/create-react-template/main-template/next/pages/src/components/ui/heading/heading.css.ts">
        <metrics statements="15" coveredstatements="0" conditionals="1" coveredconditionals="0" methods="1" coveredmethods="0"/>
        <line num="1" count="0" type="cond" truecount="0" falsecount="1"/>
        <line num="3" count="0" type="stmt"/>
        <line num="4" count="0" type="stmt"/>
        <line num="5" count="0" type="stmt"/>
        <line num="6" count="0" type="stmt"/>
        <line num="7" count="0" type="stmt"/>
        <line num="8" count="0" type="stmt"/>
        <line num="9" count="0" type="stmt"/>
        <line num="10" count="0" type="stmt"/>
        <line num="11" count="0" type="stmt"/>
        <line num="12" count="0" type="stmt"/>
        <line num="13" count="0" type="stmt"/>
        <line num="14" count="0" type="stmt"/>
        <line num="15" count="0" type="stmt"/>
        <line num="16" count="0" type="stmt"/>
      </file>
      <file name="heading.tsx" path="/Users/shion.terunaga/Desktop/project/create-react-template/main-template/next/pages/src/components/ui/heading/heading.tsx">
        <metrics statements="25" coveredstatements="0" conditionals="1" coveredconditionals="1" methods="1" coveredmethods="1"/>
        <line num="2" count="0" type="stmt"/>
        <line num="3" count="0" type="stmt"/>
        <line num="6" count="0" type="stmt"/>
        <line num="20" count="0" type="stmt"/>
        <line num="21" count="0" type="stmt"/>
        <line num="22" count="0" type="stmt"/>
        <line num="23" count="0" type="stmt"/>
        <line num="24" count="0" type="stmt"/>
        <line num="25" count="0" type="stmt"/>
        <line num="26" count="0" type="stmt"/>
        <line num="27" count="0" type="stmt"/>
        <line num="28" count="0" type="stmt"/>
        <line num="29" count="0" type="stmt"/>
        <line num="30" count="0" type="stmt"/>
        <line num="32" count="0" type="stmt"/>
        <line num="33" count="0" type="stmt"/>
        <line num="34" count="0" type="stmt"/>
        <line num="35" count="0" type="stmt"/>
        <line num="36" count="0" type="stmt"/>
        <line num="38" count="0" type="stmt"/>
        <line num="39" count="0" type="stmt"/>
        <line num="40" count="0" type="stmt"/>
        <line num="41" count="0" type="stmt"/>
        <line num="42" count="0" type="stmt"/>
        <line num="44" count="0" type="stmt"/>
      </file>
    </package>
    <package name="pages.src.components.view">
      <metrics statements="1" coveredstatements="0" conditionals="1" coveredconditionals="0" methods="1" coveredmethods="0"/>
      <file name="index.ts" path="/Users/shion.terunaga/Desktop/project/create-react-template/main-template/next/pages/src/components/view/index.ts">
        <metrics statements="1" coveredstatements="0" conditionals="1" coveredconditionals="0" methods="1" coveredmethods="0"/>
        <line num="1" count="0" type="cond" truecount="0" falsecount="1"/>
      </file>
    </package>
    <package name="pages.src.components.view.card-list-view">
      <metrics statements="26" coveredstatements="0" conditionals="1" coveredconditionals="0" methods="1" coveredmethods="0"/>
      <file name="card-list-view.tsx" path="/Users/shion.terunaga/Desktop/project/create-react-template/main-template/next/pages/src/components/view/card-list-view/card-list-view.tsx">
        <metrics statements="26" coveredstatements="0" conditionals="1" coveredconditionals="0" methods="1" coveredmethods="0"/>
        <line num="1" count="0" type="cond" truecount="0" falsecount="1"/>
        <line num="2" count="0" type="stmt"/>
        <line num="3" count="0" type="stmt"/>
        <line num="12" count="0" type="stmt"/>
        <line num="15" count="0" type="stmt"/>
        <line num="16" count="0" type="stmt"/>
        <line num="18" count="0" type="stmt"/>
        <line num="19" count="0" type="stmt"/>
        <line num="20" count="0" type="stmt"/>
        <line num="21" count="0" type="stmt"/>
        <line num="22" count="0" type="stmt"/>
        <line num="24" count="0" type="stmt"/>
        <line num="25" count="0" type="stmt"/>
        <line num="26" count="0" type="stmt"/>
        <line num="27" count="0" type="stmt"/>
        <line num="28" count="0" type="stmt"/>
        <line num="29" count="0" type="stmt"/>
        <line num="30" count="0" type="stmt"/>
        <line num="31" count="0" type="stmt"/>
        <line num="32" count="0" type="stmt"/>
        <line num="33" count="0" type="stmt"/>
        <line num="34" count="0" type="stmt"/>
        <line num="35" count="0" type="stmt"/>
        <line num="36" count="0" type="stmt"/>
        <line num="37" count="0" type="stmt"/>
        <line num="39" count="0" type="stmt"/>
      </file>
    </package>
    <package name="pages.src.features.harry-potter">
      <metrics statements="5" coveredstatements="5" conditionals="0" coveredconditionals="0" methods="0" coveredmethods="0"/>
      <file name="index.ts" path="/Users/shion.terunaga/Desktop/project/create-react-template/main-template/next/pages/src/features/harry-potter/index.ts">
        <metrics statements="5" coveredstatements="5" conditionals="0" coveredconditionals="0" methods="0" coveredmethods="0"/>
        <line num="1" count="1" type="stmt"/>
        <line num="2" count="1" type="stmt"/>
        <line num="3" count="1" type="stmt"/>
        <line num="5" count="1" type="stmt"/>
        <line num="6" count="1" type="stmt"/>
      </file>
    </package>
    <package name="pages.src.features.harry-potter.hooks">
      <metrics statements="49" coveredstatements="5" conditionals="0" coveredconditionals="0" methods="1" coveredmethods="0"/>
      <file name="characters.type.ts" path="/Users/shion.terunaga/Desktop/project/create-react-template/main-template/next/pages/src/features/harry-potter/hooks/characters.type.ts">
        <metrics statements="0" coveredstatements="0" conditionals="0" coveredconditionals="0" methods="0" coveredmethods="0"/>
      </file>
      <file name="single-page-characters.ts" path="/Users/shion.terunaga/Desktop/project/create-react-template/main-template/next/pages/src/features/harry-potter/hooks/single-page-characters.ts">
        <metrics statements="49" coveredstatements="5" conditionals="0" coveredconditionals="0" methods="1" coveredmethods="0"/>
        <line num="1" count="1" type="stmt"/>
        <line num="2" count="1" type="stmt"/>
        <line num="6" count="1" type="stmt"/>
        <line num="7" count="1" type="stmt"/>
        <line num="10" count="1" type="stmt"/>
        <line num="11" count="0" type="stmt"/>
        <line num="12" count="0" type="stmt"/>
        <line num="14" count="0" type="stmt"/>
        <line num="15" count="0" type="stmt"/>
        <line num="17" count="0" type="stmt"/>
        <line num="19" count="0" type="stmt"/>
        <line num="20" count="0" type="stmt"/>
        <line num="22" count="0" type="stmt"/>
        <line num="23" count="0" type="stmt"/>
        <line num="26" count="0" type="stmt"/>
        <line num="28" count="0" type="stmt"/>
        <line num="29" count="0" type="stmt"/>
        <line num="30" count="0" type="stmt"/>
        <line num="31" count="0" type="stmt"/>
        <line num="33" count="0" type="stmt"/>
        <line num="34" count="0" type="stmt"/>
        <line num="35" count="0" type="stmt"/>
        <line num="37" count="0" type="stmt"/>
        <line num="38" count="0" type="stmt"/>
        <line num="40" count="0" type="stmt"/>
        <line num="41" count="0" type="stmt"/>
        <line num="42" count="0" type="stmt"/>
        <line num="43" count="0" type="stmt"/>
        <line num="45" count="0" type="stmt"/>
        <line num="46" count="0" type="stmt"/>
        <line num="47" count="0" type="stmt"/>
        <line num="49" count="0" type="stmt"/>
        <line num="50" count="0" type="stmt"/>
        <line num="51" count="0" type="stmt"/>
        <line num="52" count="0" type="stmt"/>
        <line num="54" count="0" type="stmt"/>
        <line num="55" count="0" type="stmt"/>
        <line num="56" count="0" type="stmt"/>
        <line num="57" count="0" type="stmt"/>
        <line num="58" count="0" type="stmt"/>
        <line num="59" count="0" type="stmt"/>
        <line num="61" count="0" type="stmt"/>
        <line num="62" count="0" type="stmt"/>
        <line num="64" count="0" type="stmt"/>
        <line num="65" count="0" type="stmt"/>
        <line num="66" count="0" type="stmt"/>
        <line num="67" count="0" type="stmt"/>
        <line num="68" count="0" type="stmt"/>
        <line num="69" count="0" type="stmt"/>
      </file>
    </package>
    <package name="pages.src.features.harry-potter.model">
      <metrics statements="31" coveredstatements="31" conditionals="0" coveredconditionals="0" methods="0" coveredmethods="0"/>
      <file name="model-res.ts" path="/Users/shion.terunaga/Desktop/project/create-react-template/main-template/next/pages/src/features/harry-potter/model/model-res.ts">
        <metrics statements="31" coveredstatements="31" conditionals="0" coveredconditionals="0" methods="0" coveredmethods="0"/>
        <line num="1" count="1" type="stmt"/>
        <line num="3" count="1" type="stmt"/>
        <line num="4" count="1" type="stmt"/>
        <line num="5" count="1" type="stmt"/>
        <line num="6" count="1" type="stmt"/>
        <line num="7" count="1" type="stmt"/>
        <line num="8" count="1" type="stmt"/>
        <line num="9" count="1" type="stmt"/>
        <line num="10" count="1" type="stmt"/>
        <line num="11" count="1" type="stmt"/>
        <line num="12" count="1" type="stmt"/>
        <line num="13" count="1" type="stmt"/>
        <line num="14" count="1" type="stmt"/>
        <line num="15" count="1" type="stmt"/>
        <line num="16" count="1" type="stmt"/>
        <line num="17" count="1" type="stmt"/>
        <line num="18" count="1" type="stmt"/>
        <line num="19" count="1" type="stmt"/>
        <line num="20" count="1" type="stmt"/>
        <line num="21" count="1" type="stmt"/>
        <line num="22" count="1" type="stmt"/>
        <line num="23" count="1" type="stmt"/>
        <line num="24" count="1" type="stmt"/>
        <line num="25" count="1" type="stmt"/>
        <line num="26" count="1" type="stmt"/>
        <line num="27" count="1" type="stmt"/>
        <line num="28" count="1" type="stmt"/>
        <line num="29" count="1" type="stmt"/>
        <line num="30" count="1" type="stmt"/>
        <line num="31" count="1" type="stmt"/>
        <line num="32" count="1" type="stmt"/>
      </file>
      <file name="model-view.ts" path="/Users/shion.terunaga/Desktop/project/create-react-template/main-template/next/pages/src/features/harry-potter/model/model-view.ts">
        <metrics statements="0" coveredstatements="0" conditionals="0" coveredconditionals="0" methods="0" coveredmethods="0"/>
      </file>
    </package>
    <package name="pages.src.features.harry-potter.service">
      <metrics statements="55" coveredstatements="55" conditionals="10" coveredconditionals="10" methods="2" coveredmethods="2"/>
      <file name="get-character.ts" path="/Users/shion.terunaga/Desktop/project/create-react-template/main-template/next/pages/src/features/harry-potter/service/get-character.ts">
        <metrics statements="14" coveredstatements="14" conditionals="1" coveredconditionals="1" methods="1" coveredmethods="1"/>
        <line num="1" count="1" type="stmt"/>
        <line num="2" count="1" type="stmt"/>
        <line num="3" count="1" type="stmt"/>
        <line num="6" count="1" type="stmt"/>
        <line num="10" count="5" type="cond" truecount="1" falsecount="0"/>
        <line num="11" count="5" type="stmt"/>
        <line num="12" count="5" type="stmt"/>
        <line num="13" count="5" type="stmt"/>
        <line num="14" count="5" type="stmt"/>
        <line num="15" count="5" type="stmt"/>
        <line num="16" count="5" type="stmt"/>
        <line num="17" count="5" type="stmt"/>
        <line num="18" count="5" type="stmt"/>
        <line num="19" count="5" type="stmt"/>
      </file>
      <file name="parse-api.ts" path="/Users/shion.terunaga/Desktop/project/create-react-template/main-template/next/pages/src/features/harry-potter/service/parse-api.ts">
        <metrics statements="41" coveredstatements="41" conditionals="9" coveredconditionals="9" methods="1" coveredmethods="1"/>
        <line num="1" count="1" type="stmt"/>
        <line num="4" count="1" type="stmt"/>
        <line num="5" count="1" type="stmt"/>
        <line num="8" count="1" type="cond" truecount="1" falsecount="0"/>
        <line num="9" count="4" type="stmt"/>
        <line num="10" count="4" type="stmt"/>
        <line num="11" count="4" type="stmt"/>
        <line num="12" count="4" type="stmt"/>
        <line num="13" count="4" type="stmt"/>
        <line num="14" count="4" type="cond" truecount="1" falsecount="0"/>
        <line num="15" count="4" type="cond" truecount="1" falsecount="0"/>
        <line num="16" count="3" type="stmt"/>
        <line num="17" count="3" type="stmt"/>
        <line num="18" count="3" type="stmt"/>
        <line num="19" count="3" type="stmt"/>
        <line num="20" count="3" type="stmt"/>
        <line num="21" count="3" type="stmt"/>
        <line num="22" count="3" type="stmt"/>
        <line num="23" count="3" type="stmt"/>
        <line num="25" count="3" type="stmt"/>
        <line num="26" count="3" type="stmt"/>
        <line num="27" count="3" type="stmt"/>
        <line num="28" count="3" type="stmt"/>
        <line num="29" count="3" type="cond" truecount="1" falsecount="0"/>
        <line num="30" count="1" type="cond" truecount="1" falsecount="0"/>
        <line num="31" count="2" type="stmt"/>
        <line num="32" count="3" type="cond" truecount="1" falsecount="0"/>
        <line num="33" count="1" type="cond" truecount="1" falsecount="0"/>
        <line num="34" count="2" type="stmt"/>
        <line num="35" count="3" type="stmt"/>
        <line num="36" count="3" type="stmt"/>
        <line num="37" count="3" type="stmt"/>
        <line num="38" count="3" type="cond" truecount="1" falsecount="0"/>
        <line num="39" count="1" type="cond" truecount="1" falsecount="0"/>
        <line num="40" count="2" type="stmt"/>
        <line num="41" count="3" type="stmt"/>
        <line num="42" count="3" type="stmt"/>
        <line num="44" count="3" type="stmt"/>
        <line num="45" count="4" type="stmt"/>
        <line num="47" count="4" type="stmt"/>
        <line num="48" count="4" type="stmt"/>
      </file>
    </package>
    <package name="pages.src.pages">
      <metrics statements="54" coveredstatements="0" conditionals="6" coveredconditionals="0" methods="6" coveredmethods="0"/>
      <file name="_app.tsx" path="/Users/shion.terunaga/Desktop/project/create-react-template/main-template/next/pages/src/pages/_app.tsx">
        <metrics statements="4" coveredstatements="0" conditionals="1" coveredconditionals="0" methods="1" coveredmethods="0"/>
        <line num="1" count="0" type="cond" truecount="0" falsecount="1"/>
        <line num="4" count="0" type="stmt"/>
        <line num="5" count="0" type="stmt"/>
        <line num="6" count="0" type="stmt"/>
      </file>
      <file name="_document.tsx" path="/Users/shion.terunaga/Desktop/project/create-react-template/main-template/next/pages/src/pages/_document.tsx">
        <metrics statements="11" coveredstatements="0" conditionals="1" coveredconditionals="0" methods="1" coveredmethods="0"/>
        <line num="1" count="0" type="cond" truecount="0" falsecount="1"/>
        <line num="3" count="0" type="stmt"/>
        <line num="4" count="0" type="stmt"/>
        <line num="5" count="0" type="stmt"/>
        <line num="6" count="0" type="stmt"/>
        <line num="7" count="0" type="stmt"/>
        <line num="8" count="0" type="stmt"/>
        <line num="9" count="0" type="stmt"/>
        <line num="10" count="0" type="stmt"/>
        <line num="11" count="0" type="stmt"/>
        <line num="13" count="0" type="stmt"/>
      </file>
      <file name="dynamic-render.tsx" path="/Users/shion.terunaga/Desktop/project/create-react-template/main-template/next/pages/src/pages/dynamic-render.tsx">
        <metrics statements="5" coveredstatements="0" conditionals="1" coveredconditionals="0" methods="1" coveredmethods="0"/>
        <line num="1" count="0" type="cond" truecount="0" falsecount="1"/>
        <line num="3" count="0" type="stmt"/>
        <line num="4" count="0" type="stmt"/>
        <line num="5" count="0" type="stmt"/>
        <line num="7" count="0" type="stmt"/>
      </file>
      <file name="index.tsx" path="/Users/shion.terunaga/Desktop/project/create-react-template/main-template/next/pages/src/pages/index.tsx">
        <metrics statements="4" coveredstatements="0" conditionals="1" coveredconditionals="0" methods="1" coveredmethods="0"/>
        <line num="1" count="0" type="cond" truecount="0" falsecount="1"/>
        <line num="3" count="0" type="stmt"/>
        <line num="4" count="0" type="stmt"/>
        <line num="5" count="0" type="stmt"/>
      </file>
      <file name="server-side-render.tsx" path="/Users/shion.terunaga/Desktop/project/create-react-template/main-template/next/pages/src/pages/server-side-render.tsx">
        <metrics statements="15" coveredstatements="0" conditionals="1" coveredconditionals="0" methods="1" coveredmethods="0"/>
        <line num="1" count="0" type="cond" truecount="0" falsecount="1"/>
        <line num="4" count="0" type="stmt"/>
        <line num="12" count="0" type="stmt"/>
        <line num="13" count="0" type="stmt"/>
        <line num="15" count="0" type="stmt"/>
        <line num="16" count="0" type="stmt"/>
        <line num="17" count="0" type="stmt"/>
        <line num="18" count="0" type="stmt"/>
        <line num="19" count="0" type="stmt"/>
        <line num="20" count="0" type="stmt"/>
        <line num="22" count="0" type="stmt"/>
        <line num="23" count="0" type="stmt"/>
        <line num="24" count="0" type="stmt"/>
        <line num="25" count="0" type="stmt"/>
        <line num="26" count="0" type="stmt"/>
      </file>
      <file name="static-generator.tsx" path="/Users/shion.terunaga/Desktop/project/create-react-template/main-template/next/pages/src/pages/static-generator.tsx">
        <metrics statements="15" coveredstatements="0" conditionals="1" coveredconditionals="0" methods="1" coveredmethods="0"/>
        <line num="1" count="0" type="cond" truecount="0" falsecount="1"/>
        <line num="2" count="0" type="stmt"/>
        <line num="12" count="0" type="stmt"/>
        <line num="13" count="0" type="stmt"/>
        <line num="15" count="0" type="stmt"/>
        <line num="16" count="0" type="stmt"/>
        <line num="17" count="0" type="stmt"/>
        <line num="18" count="0" type="stmt"/>
        <line num="19" count="0" type="stmt"/>
        <line num="20" count="0" type="stmt"/>
        <line num="22" count="0" type="stmt"/>
        <line num="23" count="0" type="stmt"/>
        <line num="24" count="0" type="stmt"/>
        <line num="25" count="0" type="stmt"/>
        <line num="26" count="0" type="stmt"/>
      </file>
    </package>
    <package name="pages.src.screen.dynamic-render">
      <metrics statements="21" coveredstatements="0" conditionals="1" coveredconditionals="0" methods="1" coveredmethods="0"/>
      <file name="dynamic-render.tsx" path="/Users/shion.terunaga/Desktop/project/create-react-template/main-template/next/pages/src/screen/dynamic-render/dynamic-render.tsx">
        <metrics statements="21" coveredstatements="0" conditionals="1" coveredconditionals="0" methods="1" coveredmethods="0"/>
        <line num="1" count="0" type="cond" truecount="0" falsecount="1"/>
        <line num="2" count="0" type="stmt"/>
        <line num="3" count="0" type="stmt"/>
        <line num="4" count="0" type="stmt"/>
        <line num="5" count="0" type="stmt"/>
        <line num="7" count="0" type="stmt"/>
        <line num="8" count="0" type="stmt"/>
        <line num="9" count="0" type="stmt"/>
        <line num="11" count="0" type="stmt"/>
        <line num="12" count="0" type="stmt"/>
        <line num="13" count="0" type="stmt"/>
        <line num="15" count="0" type="stmt"/>
        <line num="16" count="0" type="stmt"/>
        <line num="17" count="0" type="stmt"/>
        <line num="19" count="0" type="stmt"/>
        <line num="20" count="0" type="stmt"/>
        <line num="21" count="0" type="stmt"/>
        <line num="22" count="0" type="stmt"/>
        <line num="23" count="0" type="stmt"/>
        <line num="25" count="0" type="stmt"/>
        <line num="27" count="0" type="stmt"/>
      </file>
    </package>
    <package name="pages.src.screen.home">
      <metrics statements="46" coveredstatements="0" conditionals="1" coveredconditionals="0" methods="1" coveredmethods="0"/>
      <file name="home.tsx" path="/Users/shion.terunaga/Desktop/project/create-react-template/main-template/next/pages/src/screen/home/home.tsx">
        <metrics statements="46" coveredstatements="0" conditionals="1" coveredconditionals="0" methods="1" coveredmethods="0"/>
        <line num="1" count="0" type="cond" truecount="0" falsecount="1"/>
        <line num="2" count="0" type="stmt"/>
        <line num="3" count="0" type="stmt"/>
        <line num="4" count="0" type="stmt"/>
        <line num="5" count="0" type="stmt"/>
        <line num="7" count="0" type="stmt"/>
        <line num="8" count="0" type="stmt"/>
        <line num="9" count="0" type="stmt"/>
        <line num="10" count="0" type="stmt"/>
        <line num="12" count="0" type="stmt"/>
        <line num="13" count="0" type="stmt"/>
        <line num="14" count="0" type="stmt"/>
        <line num="15" count="0" type="stmt"/>
        <line num="17" count="0" type="stmt"/>
        <line num="18" count="0" type="stmt"/>
        <line num="19" count="0" type="stmt"/>
        <line num="20" count="0" type="stmt"/>
        <line num="21" count="0" type="stmt"/>
        <line num="22" count="0" type="stmt"/>
        <line num="23" count="0" type="stmt"/>
        <line num="24" count="0" type="stmt"/>
        <line num="25" count="0" type="stmt"/>
        <line num="26" count="0" type="stmt"/>
        <line num="27" count="0" type="stmt"/>
        <line num="28" count="0" type="stmt"/>
        <line num="30" count="0" type="stmt"/>
        <line num="31" count="0" type="stmt"/>
        <line num="32" count="0" type="stmt"/>
        <line num="34" count="0" type="stmt"/>
        <line num="36" count="0" type="stmt"/>
        <line num="37" count="0" type="stmt"/>
        <line num="38" count="0" type="stmt"/>
        <line num="39" count="0" type="stmt"/>
        <line num="41" count="0" type="stmt"/>
        <line num="42" count="0" type="stmt"/>
        <line num="43" count="0" type="stmt"/>
        <line num="44" count="0" type="stmt"/>
        <line num="46" count="0" type="stmt"/>
        <line num="48" count="0" type="stmt"/>
        <line num="49" count="0" type="stmt"/>
        <line num="50" count="0" type="stmt"/>
        <line num="51" count="0" type="stmt"/>
        <line num="52" count="0" type="stmt"/>
        <line num="53" count="0" type="stmt"/>
        <line num="55" count="0" type="stmt"/>
        <line num="57" count="0" type="stmt"/>
      </file>
    </package>
    <package name="pages.src.screen.server-side-render">
      <metrics statements="24" coveredstatements="0" conditionals="1" coveredconditionals="0" methods="1" coveredmethods="0"/>
      <file name="server-side-render-screen.tsx" path="/Users/shion.terunaga/Desktop/project/create-react-template/main-template/next/pages/src/screen/server-side-render/server-side-render-screen.tsx">
        <metrics statements="24" coveredstatements="0" conditionals="1" coveredconditionals="0" methods="1" coveredmethods="0"/>
        <line num="1" count="0" type="cond" truecount="0" falsecount="1"/>
        <line num="2" count="0" type="stmt"/>
        <line num="4" count="0" type="stmt"/>
        <line num="7" count="0" type="stmt"/>
        <line num="8" count="0" type="stmt"/>
        <line num="15" count="0" type="stmt"/>
        <line num="16" count="0" type="stmt"/>
        <line num="17" count="0" type="stmt"/>
        <line num="18" count="0" type="stmt"/>
        <line num="19" count="0" type="stmt"/>
        <line num="20" count="0" type="stmt"/>
        <line num="22" count="0" type="stmt"/>
        <line num="23" count="0" type="stmt"/>
        <line num="24" count="0" type="stmt"/>
        <line num="26" count="0" type="stmt"/>
        <line num="27" count="0" type="stmt"/>
        <line num="28" count="0" type="stmt"/>
        <line num="30" count="0" type="stmt"/>
        <line num="31" count="0" type="stmt"/>
        <line num="32" count="0" type="stmt"/>
        <line num="33" count="0" type="stmt"/>
        <line num="34" count="0" type="stmt"/>
        <line num="36" count="0" type="stmt"/>
        <line num="38" count="0" type="stmt"/>
      </file>
    </package>
    <package name="pages.src.screen.static-generator">
      <metrics statements="24" coveredstatements="0" conditionals="1" coveredconditionals="0" methods="1" coveredmethods="0"/>
      <file name="static-generator.tsx" path="/Users/shion.terunaga/Desktop/project/create-react-template/main-template/next/pages/src/screen/static-generator/static-generator.tsx">
        <metrics statements="24" coveredstatements="0" conditionals="1" coveredconditionals="0" methods="1" coveredmethods="0"/>
        <line num="1" count="0" type="cond" truecount="0" falsecount="1"/>
        <line num="2" count="0" type="stmt"/>
        <line num="4" count="0" type="stmt"/>
        <line num="6" count="0" type="stmt"/>
        <line num="7" count="0" type="stmt"/>
        <line num="14" count="0" type="stmt"/>
        <line num="15" count="0" type="stmt"/>
        <line num="16" count="0" type="stmt"/>
        <line num="17" count="0" type="stmt"/>
        <line num="18" count="0" type="stmt"/>
        <line num="19" count="0" type="stmt"/>
        <line num="21" count="0" type="stmt"/>
        <line num="22" count="0" type="stmt"/>
        <line num="23" count="0" type="stmt"/>
        <line num="25" count="0" type="stmt"/>
        <line num="26" count="0" type="stmt"/>
        <line num="27" count="0" type="stmt"/>
        <line num="29" count="0" type="stmt"/>
        <line num="30" count="0" type="stmt"/>
        <line num="31" count="0" type="stmt"/>
        <line num="32" count="0" type="stmt"/>
        <line num="33" count="0" type="stmt"/>
        <line num="35" count="0" type="stmt"/>
        <line num="37" count="0" type="stmt"/>
      </file>
    </package>
    <package name="pages.src.services.fetcher-get">
      <metrics statements="101" coveredstatements="92" conditionals="26" coveredconditionals="20" methods="4" coveredmethods="4"/>
      <file name="fetcher.ts" path="/Users/shion.terunaga/Desktop/project/create-react-template/main-template/next/pages/src/services/fetcher-get/fetcher.ts">
        <metrics statements="60" coveredstatements="53" conditionals="19" coveredconditionals="14" methods="2" coveredmethods="2"/>
        <line num="2" count="1" type="stmt"/>
        <line num="3" count="1" type="stmt"/>
        <line num="4" count="1" type="stmt"/>
        <line num="8" count="1" type="stmt"/>
        <line num="10" count="13" type="cond" truecount="1" falsecount="0"/>
        <line num="11" count="13" type="stmt"/>
        <line num="12" count="13" type="stmt"/>
        <line num="13" count="13" type="stmt"/>
        <line num="14" count="13" type="stmt"/>
        <line num="18" count="13" type="stmt"/>
        <line num="19" count="13" type="stmt"/>
        <line num="20" count="13" type="stmt"/>
        <line num="22" count="13" type="stmt"/>
        <line num="23" count="13" type="stmt"/>
        <line num="24" count="13" type="stmt"/>
        <line num="25" count="13" type="stmt"/>
        <line num="26" count="13" type="stmt"/>
        <line num="27" count="13" type="stmt"/>
        <line num="28" count="13" type="stmt"/>
        <line num="29" count="13" type="stmt"/>
        <line num="30" count="13" type="stmt"/>
        <line num="31" count="13" type="stmt"/>
        <line num="33" count="13" type="stmt"/>
        <line num="34" count="13" type="stmt"/>
        <line num="36" count="13" type="cond" truecount="1" falsecount="0"/>
        <line num="37" count="2" type="stmt"/>
        <line num="38" count="2" type="cond" truecount="1" falsecount="0"/>
        <line num="40" count="11" type="stmt"/>
        <line num="41" count="11" type="cond" truecount="1" falsecount="0"/>
        <line num="42" count="11" type="stmt"/>
        <line num="43" count="11" type="stmt"/>
        <line num="45" count="13" type="cond" truecount="0" falsecount="1"/>
        <line num="46" count="0" type="stmt"/>
        <line num="47" count="0" type="cond" truecount="2" falsecount="0"/>
        <line num="49" count="12" type="cond" truecount="1" falsecount="0"/>
        <line num="50" count="4" type="stmt"/>
        <line num="52" count="4" type="stmt"/>
        <line num="53" count="4" type="cond" truecount="0" falsecount="1"/>
        <line num="54" count="0" type="stmt"/>
        <line num="55" count="4" type="cond" truecount="0" falsecount="1"/>
        <line num="56" count="0" type="stmt"/>
        <line num="57" count="4" type="cond" truecount="0" falsecount="1"/>
        <line num="58" count="0" type="stmt"/>
        <line num="59" count="4" type="cond" truecount="1" falsecount="0"/>
        <line num="60" count="3" type="stmt"/>
        <line num="61" count="4" type="cond" truecount="1" falsecount="0"/>
        <line num="62" count="1" type="stmt"/>
        <line num="63" count="4" type="stmt"/>
        <line num="64" count="4" type="cond" truecount="1" falsecount="0"/>
        <line num="66" count="7" type="stmt"/>
        <line num="68" count="7" type="stmt"/>
        <line num="70" count="13" type="cond" truecount="2" falsecount="0"/>
        <line num="71" count="3" type="stmt"/>
        <line num="72" count="3" type="cond" truecount="1" falsecount="0"/>
        <line num="74" count="4" type="stmt"/>
        <line num="76" count="13" type="cond" truecount="0" falsecount="1"/>
        <line num="77" count="0" type="stmt"/>
        <line num="78" count="0" type="cond" truecount="1" falsecount="0"/>
        <line num="80" count="4" type="stmt"/>
        <line num="81" count="4" type="stmt"/>
      </file>
      <file name="has-no-parse-fetcher.ts" path="/Users/shion.terunaga/Desktop/project/create-react-template/main-template/next/pages/src/services/fetcher-get/has-no-parse-fetcher.ts">
        <metrics statements="13" coveredstatements="13" conditionals="1" coveredconditionals="1" methods="1" coveredmethods="1"/>
        <line num="4" count="1" type="stmt"/>
        <line num="7" count="2" type="cond" truecount="1" falsecount="0"/>
        <line num="8" count="2" type="stmt"/>
        <line num="9" count="2" type="stmt"/>
        <line num="10" count="2" type="stmt"/>
        <line num="11" count="2" type="stmt"/>
        <line num="15" count="2" type="stmt"/>
        <line num="16" count="2" type="stmt"/>
        <line num="17" count="2" type="stmt"/>
        <line num="18" count="2" type="stmt"/>
        <line num="19" count="2" type="stmt"/>
        <line num="20" count="2" type="stmt"/>
        <line num="21" count="2" type="stmt"/>
      </file>
      <file name="has-parse-fetcher.ts" path="/Users/shion.terunaga/Desktop/project/create-react-template/main-template/next/pages/src/services/fetcher-get/has-parse-fetcher.ts">
        <metrics statements="25" coveredstatements="23" conditionals="6" coveredconditionals="5" methods="1" coveredmethods="1"/>
        <line num="2" count="1" type="stmt"/>
        <line num="3" count="1" type="stmt"/>
        <line num="4" count="1" type="stmt"/>
        <line num="7" count="7" type="cond" truecount="1" falsecount="0"/>
        <line num="8" count="7" type="stmt"/>
        <line num="9" count="7" type="stmt"/>
        <line num="10" count="7" type="stmt"/>
        <line num="11" count="7" type="stmt"/>
        <line num="12" count="7" type="stmt"/>
        <line num="17" count="7" type="stmt"/>
        <line num="18" count="7" type="stmt"/>
        <line num="19" count="7" type="stmt"/>
        <line num="21" count="7" type="stmt"/>
        <line num="22" count="7" type="stmt"/>
        <line num="23" count="7" type="stmt"/>
        <line num="24" count="7" type="stmt"/>
        <line num="25" count="7" type="stmt"/>
        <line num="27" count="7" type="cond" truecount="2" falsecount="0"/>
        <line num="28" count="5" type="stmt"/>
        <line num="29" count="5" type="cond" truecount="1" falsecount="0"/>
        <line num="31" count="7" type="cond" truecount="0" falsecount="1"/>
        <line num="32" count="0" type="stmt"/>
        <line num="33" count="0" type="cond" truecount="1" falsecount="0"/>
        <line num="35" count="2" type="stmt"/>
        <line num="36" count="2" type="stmt"/>
      </file>
      <file name="index.ts" path="/Users/shion.terunaga/Desktop/project/create-react-template/main-template/next/pages/src/services/fetcher-get/index.ts">
        <metrics statements="3" coveredstatements="3" conditionals="0" coveredconditionals="0" methods="0" coveredmethods="0"/>
        <line num="1" count="1" type="stmt"/>
        <line num="2" count="1" type="stmt"/>
        <line num="4" count="1" type="stmt"/>
      </file>
    </package>
    <package name="pages.src.shared.config">
      <metrics statements="4" coveredstatements="4" conditionals="0" coveredconditionals="0" methods="0" coveredmethods="0"/>
      <file name="config.ts" path="/Users/shion.terunaga/Desktop/project/create-react-template/main-template/next/pages/src/shared/config/config.ts">
        <metrics statements="4" coveredstatements="4" conditionals="0" coveredconditionals="0" methods="0" coveredmethods="0"/>
        <line num="1" count="1" type="stmt"/>
        <line num="3" count="1" type="stmt"/>
        <line num="4" count="1" type="stmt"/>
        <line num="5" count="1" type="stmt"/>
      </file>
    </package>
    <package name="pages.src.shared.lang">
      <metrics statements="29" coveredstatements="0" conditionals="1" coveredconditionals="0" methods="1" coveredmethods="0"/>
      <file name="ja.ts" path="/Users/shion.terunaga/Desktop/project/create-react-template/main-template/next/pages/src/shared/lang/ja.ts">
        <metrics statements="29" coveredstatements="0" conditionals="1" coveredconditionals="0" methods="1" coveredmethods="0"/>
        <line num="1" count="0" type="cond" truecount="0" falsecount="1"/>
        <line num="2" count="0" type="stmt"/>
        <line num="3" count="0" type="stmt"/>
        <line num="4" count="0" type="stmt"/>
        <line num="5" count="0" type="stmt"/>
        <line num="6" count="0" type="stmt"/>
        <line num="7" count="0" type="stmt"/>
        <line num="8" count="0" type="stmt"/>
        <line num="9" count="0" type="stmt"/>
        <line num="10" count="0" type="stmt"/>
        <line num="11" count="0" type="stmt"/>
        <line num="12" count="0" type="stmt"/>
        <line num="13" count="0" type="stmt"/>
        <line num="14" count="0" type="stmt"/>
        <line num="15" count="0" type="stmt"/>
        <line num="16" count="0" type="stmt"/>
        <line num="17" count="0" type="stmt"/>
        <line num="18" count="0" type="stmt"/>
        <line num="19" count="0" type="stmt"/>
        <line num="20" count="0" type="stmt"/>
        <line num="21" count="0" type="stmt"/>
        <line num="22" count="0" type="stmt"/>
        <line num="23" count="0" type="stmt"/>
        <line num="24" count="0" type="stmt"/>
        <line num="25" count="0" type="stmt"/>
        <line num="26" count="0" type="stmt"/>
        <line num="27" count="0" type="stmt"/>
        <line num="28" count="0" type="stmt"/>
        <line num="29" count="0" type="stmt"/>
      </file>
    </package>
    <package name="pages.src.shared.theme">
      <metrics statements="18" coveredstatements="0" conditionals="2" coveredconditionals="1" methods="2" coveredmethods="1"/>
      <file name="design-system.css.ts" path="/Users/shion.terunaga/Desktop/project/create-react-template/main-template/next/pages/src/shared/theme/design-system.css.ts">
        <metrics statements="11" coveredstatements="0" conditionals="1" coveredconditionals="0" methods="1" coveredmethods="0"/>
        <line num="1" count="0" type="cond" truecount="0" falsecount="1"/>
        <line num="2" count="0" type="stmt"/>
        <line num="4" count="0" type="stmt"/>
        <line num="5" count="0" type="stmt"/>
        <line num="6" count="0" type="stmt"/>
        <line num="7" count="0" type="stmt"/>
        <line num="9" count="0" type="stmt"/>
        <line num="10" count="0" type="stmt"/>
        <line num="11" count="0" type="stmt"/>
        <line num="12" count="0" type="stmt"/>
        <line num="13" count="0" type="stmt"/>
      </file>
      <file name="theme.ts" path="/Users/shion.terunaga/Desktop/project/create-react-template/main-template/next/pages/src/shared/theme/theme.ts">
        <metrics statements="7" coveredstatements="0" conditionals="1" coveredconditionals="1" methods="1" coveredmethods="1"/>
        <line num="3" count="0" type="stmt"/>
        <line num="4" count="0" type="stmt"/>
        <line num="5" count="0" type="stmt"/>
        <line num="6" count="0" type="stmt"/>
        <line num="7" count="0" type="stmt"/>
        <line num="8" count="0" type="stmt"/>
        <line num="9" count="0" type="stmt"/>
      </file>
    </package>
    <package name="pages.src.shared.types">
      <metrics statements="0" coveredstatements="0" conditionals="3" coveredconditionals="3" methods="3" coveredmethods="3"/>
      <file name="css-types.ts" path="/Users/shion.terunaga/Desktop/project/create-react-template/main-template/next/pages/src/shared/types/css-types.ts">
        <metrics statements="0" coveredstatements="0" conditionals="1" coveredconditionals="1" methods="1" coveredmethods="1"/>
      </file>
      <file name="object.ts" path="/Users/shion.terunaga/Desktop/project/create-react-template/main-template/next/pages/src/shared/types/object.ts">
        <metrics statements="0" coveredstatements="0" conditionals="1" coveredconditionals="1" methods="1" coveredmethods="1"/>
      </file>
      <file name="react.ts" path="/Users/shion.terunaga/Desktop/project/create-react-template/main-template/next/pages/src/shared/types/react.ts">
        <metrics statements="0" coveredstatements="0" conditionals="1" coveredconditionals="1" methods="1" coveredmethods="1"/>
      </file>
    </package>
    <package name="pages.src.stories.components.layouts">
      <metrics statements="31" coveredstatements="0" conditionals="1" coveredconditionals="0" methods="1" coveredmethods="0"/>
      <file name="card.stories.tsx" path="/Users/shion.terunaga/Desktop/project/create-react-template/main-template/next/pages/src/stories/components/layouts/card.stories.tsx">
        <metrics statements="31" coveredstatements="0" conditionals="1" coveredconditionals="0" methods="1" coveredmethods="0"/>
        <line num="1" count="0" type="cond" truecount="0" falsecount="1"/>
        <line num="4" count="0" type="stmt"/>
        <line num="5" count="0" type="stmt"/>
        <line num="6" count="0" type="stmt"/>
        <line num="7" count="0" type="stmt"/>
        <line num="8" count="0" type="stmt"/>
        <line num="9" count="0" type="stmt"/>
        <line num="10" count="0" type="stmt"/>
        <line num="12" count="0" type="stmt"/>
        <line num="15" count="0" type="stmt"/>
        <line num="16" count="0" type="stmt"/>
        <line num="17" count="0" type="stmt"/>
        <line num="18" count="0" type="stmt"/>
        <line num="19" count="0" type="stmt"/>
        <line num="20" count="0" type="stmt"/>
        <line num="21" count="0" type="stmt"/>
        <line num="22" count="0" type="stmt"/>
        <line num="23" count="0" type="stmt"/>
        <line num="24" count="0" type="stmt"/>
        <line num="25" count="0" type="stmt"/>
        <line num="27" count="0" type="stmt"/>
        <line num="28" count="0" type="stmt"/>
        <line num="29" count="0" type="stmt"/>
        <line num="30" count="0" type="stmt"/>
        <line num="31" count="0" type="stmt"/>
        <line num="32" count="0" type="stmt"/>
        <line num="33" count="0" type="stmt"/>
        <line num="34" count="0" type="stmt"/>
        <line num="35" count="0" type="stmt"/>
        <line num="36" count="0" type="stmt"/>
        <line num="37" count="0" type="stmt"/>
      </file>
    </package>
    <package name="pages.src.stories.components.ui">
      <metrics statements="215" coveredstatements="0" conditionals="4" coveredconditionals="0" methods="4" coveredmethods="0"/>
      <file name="box.grid-box.stories.tsx" path="/Users/shion.terunaga/Desktop/project/create-react-template/main-template/next/pages/src/stories/components/ui/box.grid-box.stories.tsx">
        <metrics statements="43" coveredstatements="0" conditionals="1" coveredconditionals="0" methods="1" coveredmethods="0"/>
        <line num="1" count="0" type="cond" truecount="0" falsecount="1"/>
        <line num="4" count="0" type="stmt"/>
        <line num="5" count="0" type="stmt"/>
        <line num="6" count="0" type="stmt"/>
        <line num="7" count="0" type="stmt"/>
        <line num="8" count="0" type="stmt"/>
        <line num="9" count="0" type="stmt"/>
        <line num="10" count="0" type="stmt"/>
        <line num="12" count="0" type="stmt"/>
        <line num="15" count="0" type="stmt"/>
        <line num="16" count="0" type="stmt"/>
        <line num="17" count="0" type="stmt"/>
        <line num="18" count="0" type="stmt"/>
        <line num="19" count="0" type="stmt"/>
        <line num="20" count="0" type="stmt"/>
        <line num="21" count="0" type="stmt"/>
        <line num="22" count="0" type="stmt"/>
        <line num="25" count="0" type="stmt"/>
        <line num="26" count="0" type="stmt"/>
        <line num="27" count="0" type="stmt"/>
        <line num="28" count="0" type="stmt"/>
        <line num="29" count="0" type="stmt"/>
        <line num="31" count="0" type="stmt"/>
        <line num="32" count="0" type="stmt"/>
        <line num="33" count="0" type="stmt"/>
        <line num="34" count="0" type="stmt"/>
        <line num="35" count="0" type="stmt"/>
        <line num="36" count="0" type="stmt"/>
        <line num="37" count="0" type="stmt"/>
        <line num="39" count="0" type="stmt"/>
        <line num="40" count="0" type="stmt"/>
        <line num="41" count="0" type="stmt"/>
        <line num="42" count="0" type="stmt"/>
        <line num="43" count="0" type="stmt"/>
        <line num="44" count="0" type="stmt"/>
        <line num="45" count="0" type="stmt"/>
        <line num="47" count="0" type="stmt"/>
        <line num="48" count="0" type="stmt"/>
        <line num="49" count="0" type="stmt"/>
        <line num="50" count="0" type="stmt"/>
        <line num="51" count="0" type="stmt"/>
        <line num="52" count="0" type="stmt"/>
        <line num="53" count="0" type="stmt"/>
      </file>
      <file name="box.main.stories.tsx" path="/Users/shion.terunaga/Desktop/project/create-react-template/main-template/next/pages/src/stories/components/ui/box.main.stories.tsx">
        <metrics statements="123" coveredstatements="0" conditionals="1" coveredconditionals="0" methods="1" coveredmethods="0"/>
        <line num="1" count="0" type="cond" truecount="0" falsecount="1"/>
        <line num="4" count="0" type="stmt"/>
        <line num="5" count="0" type="stmt"/>
        <line num="6" count="0" type="stmt"/>
        <line num="7" count="0" type="stmt"/>
        <line num="8" count="0" type="stmt"/>
        <line num="9" count="0" type="stmt"/>
        <line num="10" count="0" type="stmt"/>
        <line num="12" count="0" type="stmt"/>
        <line num="15" count="0" type="stmt"/>
        <line num="16" count="0" type="stmt"/>
        <line num="17" count="0" type="stmt"/>
        <line num="18" count="0" type="stmt"/>
        <line num="19" count="0" type="stmt"/>
        <line num="20" count="0" type="stmt"/>
        <line num="21" count="0" type="stmt"/>
        <line num="22" count="0" type="stmt"/>
        <line num="23" count="0" type="stmt"/>
        <line num="24" count="0" type="stmt"/>
        <line num="26" count="0" type="stmt"/>
        <line num="27" count="0" type="stmt"/>
        <line num="28" count="0" type="stmt"/>
        <line num="29" count="0" type="stmt"/>
        <line num="30" count="0" type="stmt"/>
        <line num="31" count="0" type="stmt"/>
        <line num="32" count="0" type="stmt"/>
        <line num="33" count="0" type="stmt"/>
        <line num="34" count="0" type="stmt"/>
        <line num="35" count="0" type="stmt"/>
        <line num="37" count="0" type="stmt"/>
        <line num="38" count="0" type="stmt"/>
        <line num="39" count="0" type="stmt"/>
        <line num="40" count="0" type="stmt"/>
        <line num="41" count="0" type="stmt"/>
        <line num="42" count="0" type="stmt"/>
        <line num="43" count="0" type="stmt"/>
        <line num="44" count="0" type="stmt"/>
        <line num="45" count="0" type="stmt"/>
        <line num="46" count="0" type="stmt"/>
        <line num="47" count="0" type="stmt"/>
        <line num="48" count="0" type="stmt"/>
        <line num="50" count="0" type="stmt"/>
        <line num="51" count="0" type="stmt"/>
        <line num="52" count="0" type="stmt"/>
        <line num="53" count="0" type="stmt"/>
        <line num="54" count="0" type="stmt"/>
        <line num="55" count="0" type="stmt"/>
        <line num="56" count="0" type="stmt"/>
        <line num="57" count="0" type="stmt"/>
        <line num="58" count="0" type="stmt"/>
        <line num="59" count="0" type="stmt"/>
        <line num="61" count="0" type="stmt"/>
        <line num="62" count="0" type="stmt"/>
        <line num="63" count="0" type="stmt"/>
        <line num="64" count="0" type="stmt"/>
        <line num="65" count="0" type="stmt"/>
        <line num="66" count="0" type="stmt"/>
        <line num="67" count="0" type="stmt"/>
        <line num="68" count="0" type="stmt"/>
        <line num="69" count="0" type="stmt"/>
        <line num="70" count="0" type="stmt"/>
        <line num="72" count="0" type="stmt"/>
        <line num="73" count="0" type="stmt"/>
        <line num="74" count="0" type="stmt"/>
        <line num="75" count="0" type="stmt"/>
        <line num="76" count="0" type="stmt"/>
        <line num="77" count="0" type="stmt"/>
        <line num="78" count="0" type="stmt"/>
        <line num="79" count="0" type="stmt"/>
        <line num="80" count="0" type="stmt"/>
        <line num="81" count="0" type="stmt"/>
        <line num="82" count="0" type="stmt"/>
        <line num="83" count="0" type="stmt"/>
        <line num="85" count="0" type="stmt"/>
        <line num="86" count="0" type="stmt"/>
        <line num="87" count="0" type="stmt"/>
        <line num="88" count="0" type="stmt"/>
        <line num="89" count="0" type="stmt"/>
        <line num="90" count="0" type="stmt"/>
        <line num="91" count="0" type="stmt"/>
        <line num="92" count="0" type="stmt"/>
        <line num="93" count="0" type="stmt"/>
        <line num="94" count="0" type="stmt"/>
        <line num="95" count="0" type="stmt"/>
        <line num="97" count="0" type="stmt"/>
        <line num="98" count="0" type="stmt"/>
        <line num="99" count="0" type="stmt"/>
        <line num="100" count="0" type="stmt"/>
        <line num="101" count="0" type="stmt"/>
        <line num="102" count="0" type="stmt"/>
        <line num="103" count="0" type="stmt"/>
        <line num="104" count="0" type="stmt"/>
        <line num="105" count="0" type="stmt"/>
        <line num="106" count="0" type="stmt"/>
        <line num="107" count="0" type="stmt"/>
        <line num="108" count="0" type="stmt"/>
        <line num="110" count="0" type="stmt"/>
        <line num="111" count="0" type="stmt"/>
        <line num="112" count="0" type="stmt"/>
        <line num="113" count="0" type="stmt"/>
        <line num="114" count="0" type="stmt"/>
        <line num="115" count="0" type="stmt"/>
        <line num="116" count="0" type="stmt"/>
        <line num="117" count="0" type="stmt"/>
        <line num="118" count="0" type="stmt"/>
        <line num="119" count="0" type="stmt"/>
        <line num="120" count="0" type="stmt"/>
        <line num="121" count="0" type="stmt"/>
        <line num="123" count="0" type="stmt"/>
        <line num="124" count="0" type="stmt"/>
        <line num="125" count="0" type="stmt"/>
        <line num="126" count="0" type="stmt"/>
        <line num="127" count="0" type="stmt"/>
        <line num="128" count="0" type="stmt"/>
        <line num="129" count="0" type="stmt"/>
        <line num="130" count="0" type="stmt"/>
        <line num="131" count="0" type="stmt"/>
        <line num="132" count="0" type="stmt"/>
        <line num="133" count="0" type="stmt"/>
        <line num="134" count="0" type="stmt"/>
        <line num="135" count="0" type="stmt"/>
        <line num="137" count="0" type="stmt"/>
        <line num="138" count="0" type="stmt"/>
      </file>
      <file name="center.font-center.stories.tsx" path="/Users/shion.terunaga/Desktop/project/create-react-template/main-template/next/pages/src/stories/components/ui/center.font-center.stories.tsx">
        <metrics statements="32" coveredstatements="0" conditionals="1" coveredconditionals="0" methods="1" coveredmethods="0"/>
        <line num="1" count="0" type="cond" truecount="0" falsecount="1"/>
        <line num="4" count="0" type="stmt"/>
        <line num="5" count="0" type="stmt"/>
        <line num="6" count="0" type="stmt"/>
        <line num="7" count="0" type="stmt"/>
        <line num="8" count="0" type="stmt"/>
        <line num="9" count="0" type="stmt"/>
        <line num="10" count="0" type="stmt"/>
        <line num="12" count="0" type="stmt"/>
        <line num="15" count="0" type="stmt"/>
        <line num="16" count="0" type="stmt"/>
        <line num="17" count="0" type="stmt"/>
        <line num="18" count="0" type="stmt"/>
        <line num="19" count="0" type="stmt"/>
        <line num="21" count="0" type="stmt"/>
        <line num="22" count="0" type="stmt"/>
        <line num="23" count="0" type="stmt"/>
        <line num="24" count="0" type="stmt"/>
        <line num="25" count="0" type="stmt"/>
        <line num="26" count="0" type="stmt"/>
        <line num="28" count="0" type="stmt"/>
        <line num="29" count="0" type="stmt"/>
        <line num="30" count="0" type="stmt"/>
        <line num="31" count="0" type="stmt"/>
        <line num="32" count="0" type="stmt"/>
        <line num="33" count="0" type="stmt"/>
        <line num="35" count="0" type="stmt"/>
        <line num="36" count="0" type="stmt"/>
        <line num="37" count="0" type="stmt"/>
        <line num="38" count="0" type="stmt"/>
        <line num="39" count="0" type="stmt"/>
        <line num="40" count="0" type="stmt"/>
      </file>
      <file name="heading.stories.tsx" path="/Users/shion.terunaga/Desktop/project/create-react-template/main-template/next/pages/src/stories/components/ui/heading.stories.tsx">
        <metrics statements="17" coveredstatements="0" conditionals="1" coveredconditionals="0" methods="1" coveredmethods="0"/>
        <line num="1" count="0" type="cond" truecount="0" falsecount="1"/>
        <line num="4" count="0" type="stmt"/>
        <line num="5" count="0" type="stmt"/>
        <line num="6" count="0" type="stmt"/>
        <line num="7" count="0" type="stmt"/>
        <line num="8" count="0" type="stmt"/>
        <line num="9" count="0" type="stmt"/>
        <line num="10" count="0" type="stmt"/>
        <line num="12" count="0" type="stmt"/>
        <line num="15" count="0" type="stmt"/>
        <line num="16" count="0" type="stmt"/>
        <line num="17" count="0" type="stmt"/>
        <line num="18" count="0" type="stmt"/>
        <line num="19" count="0" type="stmt"/>
        <line num="20" count="0" type="stmt"/>
        <line num="21" count="0" type="stmt"/>
        <line num="22" count="0" type="stmt"/>
      </file>
    </package>
    <package name="pages.src.utils">
      <metrics statements="187" coveredstatements="178" conditionals="43" coveredconditionals="37" methods="20" coveredmethods="20"/>
      <file name="class-merger.ts" path="/Users/shion.terunaga/Desktop/project/create-react-template/main-template/next/pages/src/utils/class-merger.ts">
        <metrics statements="12" coveredstatements="12" conditionals="5" coveredconditionals="5" methods="1" coveredmethods="1"/>
        <line num="1" count="3" type="cond" truecount="1" falsecount="0"/>
        <line num="2" count="3" type="stmt"/>
        <line num="3" count="3" type="stmt"/>
        <line num="5" count="3" type="cond" truecount="1" falsecount="0"/>
        <line num="6" count="8" type="cond" truecount="2" falsecount="0"/>
        <line num="8" count="8" type="cond" truecount="1" falsecount="0"/>
        <line num="9" count="6" type="stmt"/>
        <line num="10" count="6" type="stmt"/>
        <line num="11" count="6" type="stmt"/>
        <line num="12" count="8" type="stmt"/>
        <line num="14" count="3" type="stmt"/>
        <line num="15" count="3" type="stmt"/>
      </file>
      <file name="env-parse.ts" path="/Users/shion.terunaga/Desktop/project/create-react-template/main-template/next/pages/src/utils/env-parse.ts">
        <metrics statements="5" coveredstatements="5" conditionals="1" coveredconditionals="1" methods="1" coveredmethods="1"/>
        <line num="1" count="1" type="stmt"/>
        <line num="3" count="1" type="cond" truecount="1" falsecount="0"/>
        <line num="4" count="3" type="stmt"/>
        <line num="6" count="3" type="stmt"/>
        <line num="7" count="3" type="stmt"/>
      </file>
      <file name="is.ts" path="/Users/shion.terunaga/Desktop/project/create-react-template/main-template/next/pages/src/utils/is.ts">
        <metrics statements="6" coveredstatements="6" conditionals="2" coveredconditionals="2" methods="2" coveredmethods="2"/>
        <line num="1" count="1" type="cond" truecount="1" falsecount="0"/>
        <line num="2" count="15" type="stmt"/>
        <line num="3" count="15" type="stmt"/>
        <line num="5" count="1" type="cond" truecount="1" falsecount="0"/>
        <line num="6" count="5" type="stmt"/>
        <line num="7" count="5" type="stmt"/>
      </file>
      <file name="object.ts" path="/Users/shion.terunaga/Desktop/project/create-react-template/main-template/next/pages/src/utils/object.ts">
        <metrics statements="34" coveredstatements="29" conditionals="11" coveredconditionals="7" methods="3" coveredmethods="3"/>
        <line num="8" count="1" type="cond" truecount="1" falsecount="0"/>
        <line num="9" count="2" type="stmt"/>
        <line num="10" count="2" type="stmt"/>
        <line num="11" count="2" type="stmt"/>
        <line num="12" count="2" type="cond" truecount="0" falsecount="1"/>
        <line num="13" count="0" type="cond" truecount="0" falsecount="1"/>
        <line num="14" count="0" type="stmt"/>
        <line num="15" count="2" type="cond" truecount="0" falsecount="1"/>
        <line num="16" count="0" type="stmt"/>
        <line num="17" count="2" type="stmt"/>
        <line num="19" count="1" type="cond" truecount="1" falsecount="0"/>
        <line num="20" count="1" type="stmt"/>
        <line num="21" count="1" type="stmt"/>
        <line num="22" count="1" type="stmt"/>
        <line num="23" count="1" type="cond" truecount="1" falsecount="0"/>
        <line num="24" count="1" type="stmt"/>
        <line num="26" count="1" type="cond" truecount="1" falsecount="0"/>
        <line num="27" count="1" type="stmt"/>
        <line num="28" count="1" type="stmt"/>
        <line num="29" count="1" type="stmt"/>
        <line num="30" count="1" type="cond" truecount="1" falsecount="0"/>
        <line num="31" count="3" type="cond" truecount="1" falsecount="0"/>
        <line num="32" count="1" type="stmt"/>
        <line num="34" count="1" type="stmt"/>
        <line num="35" count="1" type="cond" truecount="1" falsecount="0"/>
        <line num="36" count="2" type="stmt"/>
        <line num="37" count="2" type="stmt"/>
        <line num="38" count="2" type="stmt"/>
        <line num="39" count="2" type="stmt"/>
        <line num="41" count="1" type="cond" truecount="0" falsecount="1"/>
        <line num="42" count="0" type="stmt"/>
        <line num="43" count="0" type="stmt"/>
        <line num="45" count="1" type="stmt"/>
        <line num="46" count="1" type="stmt"/>
      </file>
      <file name="option.ts" path="/Users/shion.terunaga/Desktop/project/create-react-template/main-template/next/pages/src/utils/option.ts">
        <metrics statements="42" coveredstatements="42" conditionals="10" coveredconditionals="10" methods="5" coveredmethods="5"/>
        <line num="1" count="1" type="stmt"/>
        <line num="3" count="1" type="stmt"/>
        <line num="4" count="1" type="stmt"/>
        <line num="5" count="1" type="stmt"/>
        <line num="6" count="1" type="stmt"/>
        <line num="19" count="1" type="cond" truecount="1" falsecount="0"/>
        <line num="20" count="7" type="stmt"/>
        <line num="22" count="7" type="cond" truecount="1" falsecount="0"/>
        <line num="23" count="32" type="stmt"/>
        <line num="24" count="32" type="stmt"/>
        <line num="25" count="32" type="stmt"/>
        <line num="26" count="32" type="stmt"/>
        <line num="27" count="32" type="stmt"/>
        <line num="29" count="7" type="cond" truecount="1" falsecount="0"/>
        <line num="30" count="15" type="stmt"/>
        <line num="31" count="15" type="stmt"/>
        <line num="32" count="15" type="stmt"/>
        <line num="33" count="15" type="stmt"/>
        <line num="35" count="7" type="cond" truecount="1" falsecount="0"/>
        <line num="36" count="6" type="stmt"/>
        <line num="37" count="6" type="stmt"/>
        <line num="38" count="6" type="cond" truecount="3" falsecount="0"/>
        <line num="39" count="4" type="stmt"/>
        <line num="40" count="4" type="cond" truecount="1" falsecount="0"/>
        <line num="42" count="2" type="stmt"/>
        <line num="43" count="6" type="stmt"/>
        <line num="45" count="7" type="cond" truecount="1" falsecount="0"/>
        <line num="46" count="3" type="stmt"/>
        <line num="47" count="3" type="stmt"/>
        <line num="48" count="3" type="stmt"/>
        <line num="49" count="3" type="stmt"/>
        <line num="51" count="7" type="cond" truecount="1" falsecount="0"/>
        <line num="52" count="17" type="stmt"/>
        <line num="53" count="17" type="stmt"/>
        <line num="55" count="7" type="stmt"/>
        <line num="56" count="7" type="stmt"/>
        <line num="57" count="7" type="stmt"/>
        <line num="58" count="7" type="stmt"/>
        <line num="59" count="7" type="stmt"/>
        <line num="60" count="7" type="stmt"/>
        <line num="61" count="7" type="stmt"/>
        <line num="62" count="1" type="stmt"/>
      </file>
      <file name="result.ts" path="/Users/shion.terunaga/Desktop/project/create-react-template/main-template/next/pages/src/utils/result.ts">
        <metrics statements="88" coveredstatements="84" conditionals="14" coveredconditionals="12" methods="8" coveredmethods="8"/>
        <line num="1" count="1" type="stmt"/>
        <line num="2" count="1" type="stmt"/>
        <line num="3" count="1" type="stmt"/>
        <line num="4" count="1" type="stmt"/>
        <line num="36" count="1" type="stmt"/>
        <line num="44" count="1" type="cond" truecount="1" falsecount="0"/>
        <line num="45" count="6" type="stmt"/>
        <line num="47" count="6" type="stmt"/>
        <line num="48" count="6" type="stmt"/>
        <line num="49" count="6" type="stmt"/>
        <line num="51" count="6" type="cond" truecount="1" falsecount="0"/>
        <line num="52" count="13" type="stmt"/>
        <line num="53" count="13" type="stmt"/>
        <line num="54" count="13" type="stmt"/>
        <line num="55" count="13" type="stmt"/>
        <line num="56" count="13" type="cond" truecount="1" falsecount="0"/>
        <line num="58" count="12" type="stmt"/>
        <line num="59" count="12" type="cond" truecount="1" falsecount="0"/>
        <line num="60" count="1" type="stmt"/>
        <line num="61" count="1" type="stmt"/>
        <line num="62" count="13" type="stmt"/>
        <line num="64" count="6" type="cond" truecount="1" falsecount="0"/>
        <line num="65" count="1" type="stmt"/>
        <line num="66" count="1" type="stmt"/>
        <line num="67" count="1" type="stmt"/>
        <line num="68" count="1" type="stmt"/>
        <line num="69" count="1" type="stmt"/>
        <line num="71" count="1" type="stmt"/>
        <line num="72" count="1" type="cond" truecount="0" falsecount="1"/>
        <line num="73" count="0" type="stmt"/>
        <line num="74" count="0" type="stmt"/>
        <line num="75" count="1" type="stmt"/>
        <line num="77" count="6" type="cond" truecount="1" falsecount="0"/>
        <line num="78" count="2" type="stmt"/>
        <line num="79" count="2" type="stmt"/>
        <line num="80" count="2" type="stmt"/>
        <line num="81" count="2" type="stmt"/>
        <line num="82" count="2" type="stmt"/>
        <line num="84" count="2" type="stmt"/>
        <line num="85" count="2" type="cond" truecount="1" falsecount="0"/>
        <line num="86" count="1" type="stmt"/>
        <line num="87" count="1" type="stmt"/>
        <line num="88" count="2" type="stmt"/>
        <line num="90" count="6" type="cond" truecount="1" falsecount="0"/>
        <line num="91" count="1" type="stmt"/>
        <line num="92" count="1" type="stmt"/>
        <line num="93" count="1" type="stmt"/>
        <line num="94" count="1" type="stmt"/>
        <line num="95" count="1" type="stmt"/>
        <line num="97" count="1" type="stmt"/>
        <line num="98" count="1" type="cond" truecount="0" falsecount="1"/>
        <line num="99" count="0" type="stmt"/>
        <line num="100" count="0" type="stmt"/>
        <line num="101" count="1" type="stmt"/>
        <line num="103" count="6" type="cond" truecount="1" falsecount="0"/>
        <line num="104" count="14" type="stmt"/>
        <line num="105" count="14" type="stmt"/>
        <line num="106" count="14" type="stmt"/>
        <line num="107" count="14" type="stmt"/>
        <line num="109" count="6" type="cond" truecount="1" falsecount="0"/>
        <line num="110" count="25" type="stmt"/>
        <line num="111" count="25" type="stmt"/>
        <line num="112" count="25" type="stmt"/>
        <line num="113" count="25" type="stmt"/>
        <line num="115" count="6" type="cond" truecount="1" falsecount="0"/>
        <line num="116" count="26" type="stmt"/>
        <line num="117" count="26" type="stmt"/>
        <line num="118" count="26" type="stmt"/>
        <line num="119" count="26" type="stmt"/>
        <line num="120" count="26" type="stmt"/>
        <line num="122" count="6" type="cond" truecount="1" falsecount="0"/>
        <line num="123" count="13" type="stmt"/>
        <line num="124" count="13" type="stmt"/>
        <line num="125" count="13" type="stmt"/>
        <line num="126" count="13" type="stmt"/>
        <line num="127" count="13" type="stmt"/>
        <line num="129" count="6" type="stmt"/>
        <line num="130" count="6" type="stmt"/>
        <line num="131" count="6" type="stmt"/>
        <line num="132" count="6" type="stmt"/>
        <line num="133" count="6" type="stmt"/>
        <line num="134" count="6" type="stmt"/>
        <line num="135" count="6" type="stmt"/>
        <line num="136" count="6" type="stmt"/>
        <line num="137" count="6" type="stmt"/>
        <line num="138" count="6" type="stmt"/>
        <line num="139" count="6" type="stmt"/>
        <line num="140" count="1" type="stmt"/>
      </file>
    </package>
    <package name="pages.src.utils.error.core">
      <metrics statements="0" coveredstatements="0" conditionals="1" coveredconditionals="1" methods="1" coveredmethods="1"/>
      <file name="core-error.ts" path="/Users/shion.terunaga/Desktop/project/create-react-template/main-template/next/pages/src/utils/error/core/core-error.ts">
        <metrics statements="0" coveredstatements="0" conditionals="1" coveredconditionals="1" methods="1" coveredmethods="1"/>
      </file>
    </package>
    <package name="pages.src.utils.error.fetcher">
      <metrics statements="99" coveredstatements="99" conditionals="8" coveredconditionals="8" methods="1" coveredmethods="1"/>
      <file name="fetcher-error.ts" path="/Users/shion.terunaga/Desktop/project/create-react-template/main-template/next/pages/src/utils/error/fetcher/fetcher-error.ts">
        <metrics statements="68" coveredstatements="68" conditionals="7" coveredconditionals="7" methods="1" coveredmethods="1"/>
        <line num="2" count="1" type="stmt"/>
        <line num="3" count="1" type="stmt"/>
        <line num="11" count="1" type="cond" truecount="1" falsecount="0"/>
        <line num="12" count="5" type="stmt"/>
        <line num="13" count="5" type="stmt"/>
        <line num="14" count="5" type="stmt"/>
        <line num="15" count="5" type="stmt"/>
        <line num="16" count="5" type="stmt"/>
        <line num="17" count="5" type="stmt"/>
        <line num="18" count="5" type="stmt"/>
        <line num="19" count="5" type="stmt"/>
        <line num="20" count="5" type="stmt"/>
        <line num="21" count="5" type="stmt"/>
        <line num="22" count="5" type="stmt"/>
        <line num="24" count="5" type="cond" truecount="1" falsecount="0"/>
        <line num="25" count="25" type="stmt"/>
        <line num="26" count="25" type="stmt"/>
        <line num="27" count="25" type="stmt"/>
        <line num="30" count="25" type="stmt"/>
        <line num="31" count="25" type="stmt"/>
        <line num="32" count="25" type="stmt"/>
        <line num="33" count="25" type="stmt"/>
        <line num="34" count="25" type="stmt"/>
        <line num="35" count="25" type="stmt"/>
        <line num="36" count="25" type="stmt"/>
        <line num="38" count="5" type="cond" truecount="1" falsecount="0"/>
        <line num="39" count="5" type="stmt"/>
        <line num="40" count="5" type="stmt"/>
        <line num="41" count="5" type="stmt"/>
        <line num="42" count="5" type="stmt"/>
        <line num="43" count="5" type="stmt"/>
        <line num="44" count="5" type="cond" truecount="1" falsecount="0"/>
        <line num="45" count="5" type="stmt"/>
        <line num="46" count="5" type="stmt"/>
        <line num="47" count="5" type="stmt"/>
        <line num="48" count="5" type="stmt"/>
        <line num="49" count="5" type="stmt"/>
        <line num="51" count="5" type="cond" truecount="1" falsecount="0"/>
        <line num="52" count="5" type="stmt"/>
        <line num="53" count="5" type="stmt"/>
        <line num="54" count="5" type="stmt"/>
        <line num="55" count="5" type="stmt"/>
        <line num="56" count="5" type="stmt"/>
        <line num="58" count="5" type="cond" truecount="1" falsecount="0"/>
        <line num="59" count="5" type="stmt"/>
        <line num="60" count="5" type="stmt"/>
        <line num="61" count="5" type="stmt"/>
        <line num="62" count="5" type="stmt"/>
        <line num="63" count="5" type="stmt"/>
        <line num="65" count="5" type="cond" truecount="1" falsecount="0"/>
        <line num="66" count="5" type="stmt"/>
        <line num="67" count="5" type="stmt"/>
        <line num="68" count="5" type="stmt"/>
        <line num="69" count="5" type="stmt"/>
        <line num="70" count="5" type="stmt"/>
        <line num="72" count="5" type="stmt"/>
        <line num="73" count="5" type="stmt"/>
        <line num="74" count="5" type="stmt"/>
        <line num="75" count="5" type="stmt"/>
        <line num="76" count="5" type="stmt"/>
        <line num="77" count="5" type="stmt"/>
        <line num="78" count="5" type="stmt"/>
        <line num="79" count="5" type="stmt"/>
        <line num="80" count="5" type="stmt"/>
        <line num="81" count="5" type="stmt"/>
        <line num="82" count="5" type="stmt"/>
        <line num="83" count="5" type="stmt"/>
        <line num="84" count="1" type="stmt"/>
      </file>
      <file name="fetcher-scheme.ts" path="/Users/shion.terunaga/Desktop/project/create-react-template/main-template/next/pages/src/utils/error/fetcher/fetcher-scheme.ts">
        <metrics statements="29" coveredstatements="29" conditionals="1" coveredconditionals="1" methods="0" coveredmethods="0"/>
        <line num="1" count="1" type="stmt"/>
        <line num="39" count="1" type="cond" truecount="1" falsecount="0"/>
        <line num="40" count="5" type="stmt"/>
        <line num="41" count="5" type="stmt"/>
        <line num="42" count="5" type="stmt"/>
        <line num="43" count="5" type="stmt"/>
        <line num="44" count="5" type="stmt"/>
        <line num="47" count="5" type="stmt"/>
        <line num="48" count="5" type="stmt"/>
        <line num="49" count="5" type="stmt"/>
        <line num="50" count="5" type="stmt"/>
        <line num="51" count="5" type="stmt"/>
        <line num="52" count="5" type="stmt"/>
        <line num="53" count="5" type="stmt"/>
        <line num="54" count="5" type="stmt"/>
        <line num="57" count="5" type="stmt"/>
        <line num="58" count="5" type="stmt"/>
        <line num="59" count="5" type="stmt"/>
        <line num="60" count="5" type="stmt"/>
        <line num="61" count="5" type="stmt"/>
        <line num="62" count="5" type="stmt"/>
        <line num="63" count="5" type="stmt"/>
        <line num="64" count="5" type="stmt"/>
        <line num="65" count="5" type="stmt"/>
        <line num="66" count="5" type="stmt"/>
        <line num="67" count="5" type="stmt"/>
        <line num="68" count="5" type="stmt"/>
        <line num="69" count="5" type="stmt"/>
        <line num="70" count="1" type="stmt"/>
      </file>
      <file name="index.ts" path="/Users/shion.terunaga/Desktop/project/create-react-template/main-template/next/pages/src/utils/error/fetcher/index.ts">
        <metrics statements="2" coveredstatements="2" conditionals="0" coveredconditionals="0" methods="0" coveredmethods="0"/>
        <line num="1" count="1" type="stmt"/>
        <line num="2" count="1" type="stmt"/>
      </file>
    </package>
    <package name="pages.src.utils.error.http">
      <metrics statements="73" coveredstatements="73" conditionals="7" coveredconditionals="7" methods="1" coveredmethods="1"/>
      <file name="http-scheme.ts" path="/Users/shion.terunaga/Desktop/project/create-react-template/main-template/next/pages/src/utils/error/http/http-scheme.ts">
        <metrics statements="25" coveredstatements="25" conditionals="1" coveredconditionals="1" methods="0" coveredmethods="0"/>
        <line num="42" count="1" type="cond" truecount="1" falsecount="0"/>
        <line num="44" count="7" type="stmt"/>
        <line num="45" count="7" type="stmt"/>
        <line num="46" count="7" type="stmt"/>
        <line num="47" count="7" type="stmt"/>
        <line num="48" count="7" type="stmt"/>
        <line num="49" count="7" type="stmt"/>
        <line num="51" count="7" type="stmt"/>
        <line num="52" count="7" type="stmt"/>
        <line num="53" count="7" type="stmt"/>
        <line num="54" count="7" type="stmt"/>
        <line num="55" count="7" type="stmt"/>
        <line num="56" count="7" type="stmt"/>
        <line num="59" count="7" type="stmt"/>
        <line num="60" count="7" type="stmt"/>
        <line num="61" count="7" type="stmt"/>
        <line num="62" count="7" type="stmt"/>
        <line num="63" count="7" type="stmt"/>
        <line num="64" count="7" type="stmt"/>
        <line num="66" count="7" type="stmt"/>
        <line num="67" count="7" type="stmt"/>
        <line num="68" count="7" type="stmt"/>
        <line num="69" count="7" type="stmt"/>
        <line num="70" count="7" type="stmt"/>
        <line num="71" count="1" type="stmt"/>
      </file>
      <file name="http.ts" path="/Users/shion.terunaga/Desktop/project/create-react-template/main-template/next/pages/src/utils/error/http/http.ts">
        <metrics statements="46" coveredstatements="46" conditionals="6" coveredconditionals="6" methods="1" coveredmethods="1"/>
        <line num="1" count="1" type="stmt"/>
        <line num="12" count="1" type="cond" truecount="1" falsecount="0"/>
        <line num="13" count="7" type="stmt"/>
        <line num="15" count="7" type="cond" truecount="1" falsecount="0"/>
        <line num="16" count="28" type="stmt"/>
        <line num="17" count="28" type="stmt"/>
        <line num="18" count="28" type="stmt"/>
        <line num="21" count="28" type="stmt"/>
        <line num="22" count="28" type="stmt"/>
        <line num="23" count="28" type="stmt"/>
        <line num="24" count="28" type="stmt"/>
        <line num="25" count="28" type="stmt"/>
        <line num="26" count="28" type="stmt"/>
        <line num="27" count="28" type="stmt"/>
        <line num="29" count="7" type="cond" truecount="1" falsecount="0"/>
        <line num="30" count="7" type="stmt"/>
        <line num="31" count="7" type="stmt"/>
        <line num="32" count="7" type="stmt"/>
        <line num="33" count="7" type="stmt"/>
        <line num="34" count="7" type="stmt"/>
        <line num="36" count="7" type="cond" truecount="1" falsecount="0"/>
        <line num="37" count="7" type="stmt"/>
        <line num="38" count="7" type="stmt"/>
        <line num="39" count="7" type="stmt"/>
        <line num="40" count="7" type="stmt"/>
        <line num="41" count="7" type="stmt"/>
        <line num="43" count="7" type="cond" truecount="1" falsecount="0"/>
        <line num="44" count="7" type="stmt"/>
        <line num="45" count="7" type="stmt"/>
        <line num="46" count="7" type="stmt"/>
        <line num="47" count="7" type="stmt"/>
        <line num="48" count="7" type="stmt"/>
        <line num="50" count="7" type="cond" truecount="1" falsecount="0"/>
        <line num="51" count="7" type="stmt"/>
        <line num="52" count="7" type="stmt"/>
        <line num="53" count="7" type="stmt"/>
        <line num="54" count="7" type="stmt"/>
        <line num="55" count="7" type="stmt"/>
        <line num="56" count="7" type="stmt"/>
        <line num="58" count="7" type="stmt"/>
        <line num="59" count="7" type="stmt"/>
        <line num="60" count="7" type="stmt"/>
        <line num="61" count="7" type="stmt"/>
        <line num="62" count="7" type="stmt"/>
        <line num="63" count="7" type="stmt"/>
        <line num="64" count="1" type="stmt"/>
      </file>
      <file name="index.ts" path="/Users/shion.terunaga/Desktop/project/create-react-template/main-template/next/pages/src/utils/error/http/index.ts">
        <metrics statements="2" coveredstatements="2" conditionals="0" coveredconditionals="0" methods="0" coveredmethods="0"/>
        <line num="1" count="1" type="stmt"/>
        <line num="2" count="1" type="stmt"/>
      </file>
    </package>
  </project>
</coverage>
